Command line invocation:
    /Applications/Xcode.app/Contents/Developer/usr/bin/xcodebuild -scheme main -destination "platform=iOS Simulator,name=iPhone 17" clean build

CreateBuildRequest

SendProjectDescription

CreateBuildOperation

** CLEAN SUCCEEDED **

ComputePackagePrebuildTargetDependencyGraph

Prepare packages

CreateBuildRequest

SendProjectDescription

CreateBuildOperation

ComputeTargetDependencyGraph
note: Building targets in dependency order
note: Target dependency graph (1 target)
    Target 'main' in project 'main' (no dependencies)

GatherProvisioningInputs

CreateBuildDescription

ExecuteExternalTool /Applications/Xcode.app/Contents/Developer/Toolchains/XcodeDefault.xctoolchain/usr/bin/clang -v -E -dM -isysroot /Applications/Xcode.app/Contents/Developer/Platforms/iPhoneSimulator.platform/Developer/SDKs/iPhoneSimulator26.0.sdk -x c -c /dev/null

ExecuteExternalTool /Applications/Xcode.app/Contents/Developer/usr/bin/actool --print-asset-tag-combinations --output-format xml1 /Users/emilianolunageorge/Documents/Academy/SecondChallenge/main/main/Assets.xcassets

ExecuteExternalTool /Applications/Xcode.app/Contents/Developer/usr/bin/actool --version --output-format xml1

ExecuteExternalTool /Applications/Xcode.app/Contents/Developer/Toolchains/XcodeDefault.xctoolchain/usr/bin/swiftc --version

ExecuteExternalTool /Applications/Xcode.app/Contents/Developer/Toolchains/XcodeDefault.xctoolchain/usr/bin/ld -version_details

Build description signature: ed55d4d70b71f4b9c229fa290fc6830b
Build description path: /Users/emilianolunageorge/Library/Developer/Xcode/DerivedData/main-dozvzaezbfnrgfgmhynrdfvdsijt/Build/Intermediates.noindex/XCBuildData/ed55d4d70b71f4b9c229fa290fc6830b.xcbuilddata
ClangStatCache /Applications/Xcode.app/Contents/Developer/Toolchains/XcodeDefault.xctoolchain/usr/bin/clang-stat-cache /Applications/Xcode.app/Contents/Developer/Platforms/iPhoneSimulator.platform/Developer/SDKs/iPhoneSimulator26.0.sdk /Users/emilianolunageorge/Library/Developer/Xcode/DerivedData/SDKStatCaches.noindex/iphonesimulator26.0-23A339-26257891a6c027eb51374368541b8346.sdkstatcache
    cd /Users/emilianolunageorge/Documents/Academy/SecondChallenge/main/main.xcodeproj
    /Applications/Xcode.app/Contents/Developer/Toolchains/XcodeDefault.xctoolchain/usr/bin/clang-stat-cache /Applications/Xcode.app/Contents/Developer/Platforms/iPhoneSimulator.platform/Developer/SDKs/iPhoneSimulator26.0.sdk -o /Users/emilianolunageorge/Library/Developer/Xcode/DerivedData/SDKStatCaches.noindex/iphonesimulator26.0-23A339-26257891a6c027eb51374368541b8346.sdkstatcache

CreateBuildDirectory /Users/emilianolunageorge/Library/Developer/Xcode/DerivedData/main-dozvzaezbfnrgfgmhynrdfvdsijt/Build/Products
    cd /Users/emilianolunageorge/Documents/Academy/SecondChallenge/main/main.xcodeproj
    builtin-create-build-directory /Users/emilianolunageorge/Library/Developer/Xcode/DerivedData/main-dozvzaezbfnrgfgmhynrdfvdsijt/Build/Products

CreateBuildDirectory /Users/emilianolunageorge/Library/Developer/Xcode/DerivedData/main-dozvzaezbfnrgfgmhynrdfvdsijt/Build/Intermediates.noindex
    cd /Users/emilianolunageorge/Documents/Academy/SecondChallenge/main/main.xcodeproj
    builtin-create-build-directory /Users/emilianolunageorge/Library/Developer/Xcode/DerivedData/main-dozvzaezbfnrgfgmhynrdfvdsijt/Build/Intermediates.noindex

CreateBuildDirectory /Users/emilianolunageorge/Library/Developer/Xcode/DerivedData/main-dozvzaezbfnrgfgmhynrdfvdsijt/Build/Intermediates.noindex/SwiftExplicitPrecompiledModules
    cd /Users/emilianolunageorge/Documents/Academy/SecondChallenge/main/main.xcodeproj
    builtin-create-build-directory /Users/emilianolunageorge/Library/Developer/Xcode/DerivedData/main-dozvzaezbfnrgfgmhynrdfvdsijt/Build/Intermediates.noindex/SwiftExplicitPrecompiledModules

CreateBuildDirectory /Users/emilianolunageorge/Library/Developer/Xcode/DerivedData/main-dozvzaezbfnrgfgmhynrdfvdsijt/Build/Intermediates.noindex/ExplicitPrecompiledModules
    cd /Users/emilianolunageorge/Documents/Academy/SecondChallenge/main/main.xcodeproj
    builtin-create-build-directory /Users/emilianolunageorge/Library/Developer/Xcode/DerivedData/main-dozvzaezbfnrgfgmhynrdfvdsijt/Build/Intermediates.noindex/ExplicitPrecompiledModules

CreateBuildDirectory /Users/emilianolunageorge/Library/Developer/Xcode/DerivedData/main-dozvzaezbfnrgfgmhynrdfvdsijt/Build/Products/Debug-iphonesimulator
    cd /Users/emilianolunageorge/Documents/Academy/SecondChallenge/main/main.xcodeproj
    builtin-create-build-directory /Users/emilianolunageorge/Library/Developer/Xcode/DerivedData/main-dozvzaezbfnrgfgmhynrdfvdsijt/Build/Products/Debug-iphonesimulator

CreateBuildDirectory /Users/emilianolunageorge/Library/Developer/Xcode/DerivedData/main-dozvzaezbfnrgfgmhynrdfvdsijt/Build/Intermediates.noindex/EagerLinkingTBDs/Debug-iphonesimulator
    cd /Users/emilianolunageorge/Documents/Academy/SecondChallenge/main/main.xcodeproj
    builtin-create-build-directory /Users/emilianolunageorge/Library/Developer/Xcode/DerivedData/main-dozvzaezbfnrgfgmhynrdfvdsijt/Build/Intermediates.noindex/EagerLinkingTBDs/Debug-iphonesimulator

WriteAuxiliaryFile /Users/emilianolunageorge/Library/Developer/Xcode/DerivedData/main-dozvzaezbfnrgfgmhynrdfvdsijt/Build/Intermediates.noindex/main.build/Debug-iphonesimulator/main-b4a150c28b71bfec5114bf6fd13d9d0e-VFS-iphonesimulator/all-product-headers.yaml
    cd /Users/emilianolunageorge/Documents/Academy/SecondChallenge/main/main.xcodeproj
    write-file /Users/emilianolunageorge/Library/Developer/Xcode/DerivedData/main-dozvzaezbfnrgfgmhynrdfvdsijt/Build/Intermediates.noindex/main.build/Debug-iphonesimulator/main-b4a150c28b71bfec5114bf6fd13d9d0e-VFS-iphonesimulator/all-product-headers.yaml

WriteAuxiliaryFile /Users/emilianolunageorge/Library/Developer/Xcode/DerivedData/main-dozvzaezbfnrgfgmhynrdfvdsijt/Build/Intermediates.noindex/main.build/Debug-iphonesimulator/main.build/main-all-target-headers.hmap (in target 'main' from project 'main')
    cd /Users/emilianolunageorge/Documents/Academy/SecondChallenge/main
    write-file /Users/emilianolunageorge/Library/Developer/Xcode/DerivedData/main-dozvzaezbfnrgfgmhynrdfvdsijt/Build/Intermediates.noindex/main.build/Debug-iphonesimulator/main.build/main-all-target-headers.hmap

WriteAuxiliaryFile /Users/emilianolunageorge/Library/Developer/Xcode/DerivedData/main-dozvzaezbfnrgfgmhynrdfvdsijt/Build/Intermediates.noindex/main.build/Debug-iphonesimulator/main.build/main-project-headers.hmap (in target 'main' from project 'main')
    cd /Users/emilianolunageorge/Documents/Academy/SecondChallenge/main
    write-file /Users/emilianolunageorge/Library/Developer/Xcode/DerivedData/main-dozvzaezbfnrgfgmhynrdfvdsijt/Build/Intermediates.noindex/main.build/Debug-iphonesimulator/main.build/main-project-headers.hmap

WriteAuxiliaryFile /Users/emilianolunageorge/Library/Developer/Xcode/DerivedData/main-dozvzaezbfnrgfgmhynrdfvdsijt/Build/Intermediates.noindex/main.build/Debug-iphonesimulator/main.build/empty-main.plist (in target 'main' from project 'main')
    cd /Users/emilianolunageorge/Documents/Academy/SecondChallenge/main
    write-file /Users/emilianolunageorge/Library/Developer/Xcode/DerivedData/main-dozvzaezbfnrgfgmhynrdfvdsijt/Build/Intermediates.noindex/main.build/Debug-iphonesimulator/main.build/empty-main.plist

WriteAuxiliaryFile /Users/emilianolunageorge/Library/Developer/Xcode/DerivedData/main-dozvzaezbfnrgfgmhynrdfvdsijt/Build/Intermediates.noindex/main.build/Debug-iphonesimulator/main.build/main.hmap (in target 'main' from project 'main')
    cd /Users/emilianolunageorge/Documents/Academy/SecondChallenge/main
    write-file /Users/emilianolunageorge/Library/Developer/Xcode/DerivedData/main-dozvzaezbfnrgfgmhynrdfvdsijt/Build/Intermediates.noindex/main.build/Debug-iphonesimulator/main.build/main.hmap

WriteAuxiliaryFile /Users/emilianolunageorge/Library/Developer/Xcode/DerivedData/main-dozvzaezbfnrgfgmhynrdfvdsijt/Build/Intermediates.noindex/main.build/Debug-iphonesimulator/main.build/main-own-target-headers.hmap (in target 'main' from project 'main')
    cd /Users/emilianolunageorge/Documents/Academy/SecondChallenge/main
    write-file /Users/emilianolunageorge/Library/Developer/Xcode/DerivedData/main-dozvzaezbfnrgfgmhynrdfvdsijt/Build/Intermediates.noindex/main.build/Debug-iphonesimulator/main.build/main-own-target-headers.hmap

WriteAuxiliaryFile /Users/emilianolunageorge/Library/Developer/Xcode/DerivedData/main-dozvzaezbfnrgfgmhynrdfvdsijt/Build/Intermediates.noindex/main.build/Debug-iphonesimulator/main.build/main-DebugDylibInstallName-normal-arm64.txt (in target 'main' from project 'main')
    cd /Users/emilianolunageorge/Documents/Academy/SecondChallenge/main
    write-file /Users/emilianolunageorge/Library/Developer/Xcode/DerivedData/main-dozvzaezbfnrgfgmhynrdfvdsijt/Build/Intermediates.noindex/main.build/Debug-iphonesimulator/main.build/main-DebugDylibInstallName-normal-arm64.txt

WriteAuxiliaryFile /Users/emilianolunageorge/Library/Developer/Xcode/DerivedData/main-dozvzaezbfnrgfgmhynrdfvdsijt/Build/Intermediates.noindex/main.build/Debug-iphonesimulator/main.build/main-all-non-framework-target-headers.hmap (in target 'main' from project 'main')
    cd /Users/emilianolunageorge/Documents/Academy/SecondChallenge/main
    write-file /Users/emilianolunageorge/Library/Developer/Xcode/DerivedData/main-dozvzaezbfnrgfgmhynrdfvdsijt/Build/Intermediates.noindex/main.build/Debug-iphonesimulator/main.build/main-all-non-framework-target-headers.hmap

WriteAuxiliaryFile /Users/emilianolunageorge/Library/Developer/Xcode/DerivedData/main-dozvzaezbfnrgfgmhynrdfvdsijt/Build/Intermediates.noindex/main.build/Debug-iphonesimulator/main.build/main-generated-files.hmap (in target 'main' from project 'main')
    cd /Users/emilianolunageorge/Documents/Academy/SecondChallenge/main
    write-file /Users/emilianolunageorge/Library/Developer/Xcode/DerivedData/main-dozvzaezbfnrgfgmhynrdfvdsijt/Build/Intermediates.noindex/main.build/Debug-iphonesimulator/main.build/main-generated-files.hmap

WriteAuxiliaryFile /Users/emilianolunageorge/Library/Developer/Xcode/DerivedData/main-dozvzaezbfnrgfgmhynrdfvdsijt/Build/Intermediates.noindex/main.build/Debug-iphonesimulator/main.build/main-DebugDylibPath-normal-arm64.txt (in target 'main' from project 'main')
    cd /Users/emilianolunageorge/Documents/Academy/SecondChallenge/main
    write-file /Users/emilianolunageorge/Library/Developer/Xcode/DerivedData/main-dozvzaezbfnrgfgmhynrdfvdsijt/Build/Intermediates.noindex/main.build/Debug-iphonesimulator/main.build/main-DebugDylibPath-normal-arm64.txt

WriteAuxiliaryFile /Users/emilianolunageorge/Library/Developer/Xcode/DerivedData/main-dozvzaezbfnrgfgmhynrdfvdsijt/Build/Intermediates.noindex/main.build/Debug-iphonesimulator/main.build/main.DependencyStaticMetadataFileList (in target 'main' from project 'main')
    cd /Users/emilianolunageorge/Documents/Academy/SecondChallenge/main
    write-file /Users/emilianolunageorge/Library/Developer/Xcode/DerivedData/main-dozvzaezbfnrgfgmhynrdfvdsijt/Build/Intermediates.noindex/main.build/Debug-iphonesimulator/main.build/main.DependencyStaticMetadataFileList

WriteAuxiliaryFile /Users/emilianolunageorge/Library/Developer/Xcode/DerivedData/main-dozvzaezbfnrgfgmhynrdfvdsijt/Build/Intermediates.noindex/main.build/Debug-iphonesimulator/main.build/main.DependencyMetadataFileList (in target 'main' from project 'main')
    cd /Users/emilianolunageorge/Documents/Academy/SecondChallenge/main
    write-file /Users/emilianolunageorge/Library/Developer/Xcode/DerivedData/main-dozvzaezbfnrgfgmhynrdfvdsijt/Build/Intermediates.noindex/main.build/Debug-iphonesimulator/main.build/main.DependencyMetadataFileList

WriteAuxiliaryFile /Users/emilianolunageorge/Library/Developer/Xcode/DerivedData/main-dozvzaezbfnrgfgmhynrdfvdsijt/Build/Intermediates.noindex/main.build/Debug-iphonesimulator/main.build/Objects-normal/arm64/main_const_extract_protocols.json (in target 'main' from project 'main')
    cd /Users/emilianolunageorge/Documents/Academy/SecondChallenge/main
    write-file /Users/emilianolunageorge/Library/Developer/Xcode/DerivedData/main-dozvzaezbfnrgfgmhynrdfvdsijt/Build/Intermediates.noindex/main.build/Debug-iphonesimulator/main.build/Objects-normal/arm64/main_const_extract_protocols.json

WriteAuxiliaryFile /Users/emilianolunageorge/Library/Developer/Xcode/DerivedData/main-dozvzaezbfnrgfgmhynrdfvdsijt/Build/Intermediates.noindex/main.build/Debug-iphonesimulator/main.build/Objects-normal/arm64/main.SwiftFileList (in target 'main' from project 'main')
    cd /Users/emilianolunageorge/Documents/Academy/SecondChallenge/main
    write-file /Users/emilianolunageorge/Library/Developer/Xcode/DerivedData/main-dozvzaezbfnrgfgmhynrdfvdsijt/Build/Intermediates.noindex/main.build/Debug-iphonesimulator/main.build/Objects-normal/arm64/main.SwiftFileList

WriteAuxiliaryFile /Users/emilianolunageorge/Library/Developer/Xcode/DerivedData/main-dozvzaezbfnrgfgmhynrdfvdsijt/Build/Intermediates.noindex/main.build/Debug-iphonesimulator/main.build/Objects-normal/arm64/main.SwiftConstValuesFileList (in target 'main' from project 'main')
    cd /Users/emilianolunageorge/Documents/Academy/SecondChallenge/main
    write-file /Users/emilianolunageorge/Library/Developer/Xcode/DerivedData/main-dozvzaezbfnrgfgmhynrdfvdsijt/Build/Intermediates.noindex/main.build/Debug-iphonesimulator/main.build/Objects-normal/arm64/main.SwiftConstValuesFileList

WriteAuxiliaryFile /Users/emilianolunageorge/Library/Developer/Xcode/DerivedData/main-dozvzaezbfnrgfgmhynrdfvdsijt/Build/Intermediates.noindex/main.build/Debug-iphonesimulator/main.build/Objects-normal/arm64/main.LinkFileList (in target 'main' from project 'main')
    cd /Users/emilianolunageorge/Documents/Academy/SecondChallenge/main
    write-file /Users/emilianolunageorge/Library/Developer/Xcode/DerivedData/main-dozvzaezbfnrgfgmhynrdfvdsijt/Build/Intermediates.noindex/main.build/Debug-iphonesimulator/main.build/Objects-normal/arm64/main.LinkFileList

WriteAuxiliaryFile /Users/emilianolunageorge/Library/Developer/Xcode/DerivedData/main-dozvzaezbfnrgfgmhynrdfvdsijt/Build/Intermediates.noindex/main.build/Debug-iphonesimulator/main.build/Objects-normal/arm64/main-OutputFileMap.json (in target 'main' from project 'main')
    cd /Users/emilianolunageorge/Documents/Academy/SecondChallenge/main
    write-file /Users/emilianolunageorge/Library/Developer/Xcode/DerivedData/main-dozvzaezbfnrgfgmhynrdfvdsijt/Build/Intermediates.noindex/main.build/Debug-iphonesimulator/main.build/Objects-normal/arm64/main-OutputFileMap.json

MkDir /Users/emilianolunageorge/Library/Developer/Xcode/DerivedData/main-dozvzaezbfnrgfgmhynrdfvdsijt/Build/Products/Debug-iphonesimulator/main.app (in target 'main' from project 'main')
    cd /Users/emilianolunageorge/Documents/Academy/SecondChallenge/main
    /bin/mkdir -p /Users/emilianolunageorge/Library/Developer/Xcode/DerivedData/main-dozvzaezbfnrgfgmhynrdfvdsijt/Build/Products/Debug-iphonesimulator/main.app

WriteAuxiliaryFile /Users/emilianolunageorge/Library/Developer/Xcode/DerivedData/main-dozvzaezbfnrgfgmhynrdfvdsijt/Build/Intermediates.noindex/main.build/Debug-iphonesimulator/main.build/DerivedSources/Entitlements-Simulated.plist (in target 'main' from project 'main')
    cd /Users/emilianolunageorge/Documents/Academy/SecondChallenge/main
    write-file /Users/emilianolunageorge/Library/Developer/Xcode/DerivedData/main-dozvzaezbfnrgfgmhynrdfvdsijt/Build/Intermediates.noindex/main.build/Debug-iphonesimulator/main.build/DerivedSources/Entitlements-Simulated.plist

ProcessProductPackaging "" /Users/emilianolunageorge/Library/Developer/Xcode/DerivedData/main-dozvzaezbfnrgfgmhynrdfvdsijt/Build/Intermediates.noindex/main.build/Debug-iphonesimulator/main.build/main.app-Simulated.xcent (in target 'main' from project 'main')
    cd /Users/emilianolunageorge/Documents/Academy/SecondChallenge/main
    
    Entitlements:
    
    {
    "application-identifier" = "HPATX5V93Z.emilunageo.main";
}
    
    builtin-productPackagingUtility -entitlements -format xml -o /Users/emilianolunageorge/Library/Developer/Xcode/DerivedData/main-dozvzaezbfnrgfgmhynrdfvdsijt/Build/Intermediates.noindex/main.build/Debug-iphonesimulator/main.build/main.app-Simulated.xcent

ProcessProductPackagingDER /Users/emilianolunageorge/Library/Developer/Xcode/DerivedData/main-dozvzaezbfnrgfgmhynrdfvdsijt/Build/Intermediates.noindex/main.build/Debug-iphonesimulator/main.build/main.app-Simulated.xcent /Users/emilianolunageorge/Library/Developer/Xcode/DerivedData/main-dozvzaezbfnrgfgmhynrdfvdsijt/Build/Intermediates.noindex/main.build/Debug-iphonesimulator/main.build/main.app-Simulated.xcent.der (in target 'main' from project 'main')
    cd /Users/emilianolunageorge/Documents/Academy/SecondChallenge/main
    /usr/bin/derq query -f xml -i /Users/emilianolunageorge/Library/Developer/Xcode/DerivedData/main-dozvzaezbfnrgfgmhynrdfvdsijt/Build/Intermediates.noindex/main.build/Debug-iphonesimulator/main.build/main.app-Simulated.xcent -o /Users/emilianolunageorge/Library/Developer/Xcode/DerivedData/main-dozvzaezbfnrgfgmhynrdfvdsijt/Build/Intermediates.noindex/main.build/Debug-iphonesimulator/main.build/main.app-Simulated.xcent.der --raw

MkDir /Users/emilianolunageorge/Library/Developer/Xcode/DerivedData/main-dozvzaezbfnrgfgmhynrdfvdsijt/Build/Intermediates.noindex/main.build/Debug-iphonesimulator/main.build/assetcatalog_output/thinned (in target 'main' from project 'main')
    cd /Users/emilianolunageorge/Documents/Academy/SecondChallenge/main
    /bin/mkdir -p /Users/emilianolunageorge/Library/Developer/Xcode/DerivedData/main-dozvzaezbfnrgfgmhynrdfvdsijt/Build/Intermediates.noindex/main.build/Debug-iphonesimulator/main.build/assetcatalog_output/thinned

GenerateAssetSymbols /Users/emilianolunageorge/Documents/Academy/SecondChallenge/main/main/Assets.xcassets (in target 'main' from project 'main')
    cd /Users/emilianolunageorge/Documents/Academy/SecondChallenge/main
    /Applications/Xcode.app/Contents/Developer/usr/bin/actool /Users/emilianolunageorge/Documents/Academy/SecondChallenge/main/main/Assets.xcassets --compile /Users/emilianolunageorge/Library/Developer/Xcode/DerivedData/main-dozvzaezbfnrgfgmhynrdfvdsijt/Build/Products/Debug-iphonesimulator/main.app --output-format human-readable-text --notices --warnings --export-dependency-info /Users/emilianolunageorge/Library/Developer/Xcode/DerivedData/main-dozvzaezbfnrgfgmhynrdfvdsijt/Build/Intermediates.noindex/main.build/Debug-iphonesimulator/main.build/assetcatalog_dependencies --output-partial-info-plist /Users/emilianolunageorge/Library/Developer/Xcode/DerivedData/main-dozvzaezbfnrgfgmhynrdfvdsijt/Build/Intermediates.noindex/main.build/Debug-iphonesimulator/main.build/assetcatalog_generated_info.plist --app-icon AppIcon --accent-color AccentColor --compress-pngs --enable-on-demand-resources YES --development-region en --target-device iphone --target-device ipad --minimum-deployment-target 26.0 --platform iphonesimulator --bundle-identifier emilunageo.main --generate-swift-asset-symbols /Users/emilianolunageorge/Library/Developer/Xcode/DerivedData/main-dozvzaezbfnrgfgmhynrdfvdsijt/Build/Intermediates.noindex/main.build/Debug-iphonesimulator/main.build/DerivedSources/GeneratedAssetSymbols.swift --generate-objc-asset-symbols /Users/emilianolunageorge/Library/Developer/Xcode/DerivedData/main-dozvzaezbfnrgfgmhynrdfvdsijt/Build/Intermediates.noindex/main.build/Debug-iphonesimulator/main.build/DerivedSources/GeneratedAssetSymbols.h --generate-asset-symbol-index /Users/emilianolunageorge/Library/Developer/Xcode/DerivedData/main-dozvzaezbfnrgfgmhynrdfvdsijt/Build/Intermediates.noindex/main.build/Debug-iphonesimulator/main.build/DerivedSources/GeneratedAssetSymbols-Index.plist
/* com.apple.actool.compilation-results */
/Users/emilianolunageorge/Library/Developer/Xcode/DerivedData/main-dozvzaezbfnrgfgmhynrdfvdsijt/Build/Intermediates.noindex/main.build/Debug-iphonesimulator/main.build/DerivedSources/GeneratedAssetSymbols-Index.plist
/Users/emilianolunageorge/Library/Developer/Xcode/DerivedData/main-dozvzaezbfnrgfgmhynrdfvdsijt/Build/Intermediates.noindex/main.build/Debug-iphonesimulator/main.build/DerivedSources/GeneratedAssetSymbols.h
/Users/emilianolunageorge/Library/Developer/Xcode/DerivedData/main-dozvzaezbfnrgfgmhynrdfvdsijt/Build/Intermediates.noindex/main.build/Debug-iphonesimulator/main.build/DerivedSources/GeneratedAssetSymbols.swift


Ld /Users/emilianolunageorge/Library/Developer/Xcode/DerivedData/main-dozvzaezbfnrgfgmhynrdfvdsijt/Build/Products/Debug-iphonesimulator/main.app/__preview.dylib normal (in target 'main' from project 'main')
    cd /Users/emilianolunageorge/Documents/Academy/SecondChallenge/main
    /Applications/Xcode.app/Contents/Developer/Toolchains/XcodeDefault.xctoolchain/usr/bin/clang -Xlinker -reproducible -target arm64-apple-ios26.0-simulator -dynamiclib -isysroot /Applications/Xcode.app/Contents/Developer/Platforms/iPhoneSimulator.platform/Developer/SDKs/iPhoneSimulator26.0.sdk -O0 -L/Users/emilianolunageorge/Library/Developer/Xcode/DerivedData/main-dozvzaezbfnrgfgmhynrdfvdsijt/Build/Products/Debug-iphonesimulator -F/Users/emilianolunageorge/Library/Developer/Xcode/DerivedData/main-dozvzaezbfnrgfgmhynrdfvdsijt/Build/Products/Debug-iphonesimulator -install_name @rpath/main.debug.dylib -dead_strip -rdynamic -Xlinker -no_deduplicate -Xlinker -objc_abi_version -Xlinker 2 -Xlinker -dependency_info -Xlinker /Users/emilianolunageorge/Library/Developer/Xcode/DerivedData/main-dozvzaezbfnrgfgmhynrdfvdsijt/Build/Intermediates.noindex/main.build/Debug-iphonesimulator/main.build/Objects-normal/arm64/main_dependency_info.dat -Xlinker -sectcreate -Xlinker __TEXT -Xlinker __entitlements -Xlinker /Users/emilianolunageorge/Library/Developer/Xcode/DerivedData/main-dozvzaezbfnrgfgmhynrdfvdsijt/Build/Intermediates.noindex/main.build/Debug-iphonesimulator/main.build/main.app-Simulated.xcent -Xlinker -sectcreate -Xlinker __TEXT -Xlinker __ents_der -Xlinker /Users/emilianolunageorge/Library/Developer/Xcode/DerivedData/main-dozvzaezbfnrgfgmhynrdfvdsijt/Build/Intermediates.noindex/main.build/Debug-iphonesimulator/main.build/main.app-Simulated.xcent.der -Xlinker -no_adhoc_codesign -o /Users/emilianolunageorge/Library/Developer/Xcode/DerivedData/main-dozvzaezbfnrgfgmhynrdfvdsijt/Build/Products/Debug-iphonesimulator/main.app/__preview.dylib

MkDir /Users/emilianolunageorge/Library/Developer/Xcode/DerivedData/main-dozvzaezbfnrgfgmhynrdfvdsijt/Build/Intermediates.noindex/main.build/Debug-iphonesimulator/main.build/assetcatalog_output/unthinned (in target 'main' from project 'main')
    cd /Users/emilianolunageorge/Documents/Academy/SecondChallenge/main
    /bin/mkdir -p /Users/emilianolunageorge/Library/Developer/Xcode/DerivedData/main-dozvzaezbfnrgfgmhynrdfvdsijt/Build/Intermediates.noindex/main.build/Debug-iphonesimulator/main.build/assetcatalog_output/unthinned

CompileAssetCatalogVariant thinned /Users/emilianolunageorge/Library/Developer/Xcode/DerivedData/main-dozvzaezbfnrgfgmhynrdfvdsijt/Build/Products/Debug-iphonesimulator/main.app /Users/emilianolunageorge/Documents/Academy/SecondChallenge/main/main/Assets.xcassets (in target 'main' from project 'main')
    cd /Users/emilianolunageorge/Documents/Academy/SecondChallenge/main
    /Applications/Xcode.app/Contents/Developer/usr/bin/actool /Users/emilianolunageorge/Documents/Academy/SecondChallenge/main/main/Assets.xcassets --compile /Users/emilianolunageorge/Library/Developer/Xcode/DerivedData/main-dozvzaezbfnrgfgmhynrdfvdsijt/Build/Intermediates.noindex/main.build/Debug-iphonesimulator/main.build/assetcatalog_output/thinned --output-format human-readable-text --notices --warnings --export-dependency-info /Users/emilianolunageorge/Library/Developer/Xcode/DerivedData/main-dozvzaezbfnrgfgmhynrdfvdsijt/Build/Intermediates.noindex/main.build/Debug-iphonesimulator/main.build/assetcatalog_dependencies_thinned --output-partial-info-plist /Users/emilianolunageorge/Library/Developer/Xcode/DerivedData/main-dozvzaezbfnrgfgmhynrdfvdsijt/Build/Intermediates.noindex/main.build/Debug-iphonesimulator/main.build/assetcatalog_generated_info.plist_thinned --app-icon AppIcon --accent-color AccentColor --compress-pngs --enable-on-demand-resources YES --filter-for-thinning-device-configuration iPhone18,3 --filter-for-device-os-version 26.0 --development-region en --target-device iphone --target-device ipad --minimum-deployment-target 26.0 --platform iphonesimulator
objc[6024]: Class _NoAnimationDelegate is implemented in both /Library/Developer/CoreSimulator/Volumes/iOS_23A343/Library/Developer/CoreSimulator/Profiles/Runtimes/iOS 26.0.simruntime/Contents/Resources/RuntimeRoot/System/Library/Frameworks/SwiftUICore.framework/SwiftUICore (0x1460c8130) and /Library/Developer/CoreSimulator/Volumes/iOS_23A343/Library/Developer/CoreSimulator/Profiles/Runtimes/iOS 26.0.simruntime/Contents/Resources/RuntimeRoot/System/Library/PrivateFrameworks/UIKitCore.framework/UIKitCore (0x143231198). This may cause spurious casting failures and mysterious crashes. One of the duplicates must be removed or renamed.
/* com.apple.actool.compilation-results */
/Users/emilianolunageorge/Library/Developer/Xcode/DerivedData/main-dozvzaezbfnrgfgmhynrdfvdsijt/Build/Intermediates.noindex/main.build/Debug-iphonesimulator/main.build/assetcatalog_generated_info.plist_thinned
/Users/emilianolunageorge/Library/Developer/Xcode/DerivedData/main-dozvzaezbfnrgfgmhynrdfvdsijt/Build/Intermediates.noindex/main.build/Debug-iphonesimulator/main.build/assetcatalog_output/thinned/Assets.car


SwiftDriver main normal arm64 com.apple.xcode.tools.swift.compiler (in target 'main' from project 'main')
    cd /Users/emilianolunageorge/Documents/Academy/SecondChallenge/main
    builtin-SwiftDriver -- /Applications/Xcode.app/Contents/Developer/Toolchains/XcodeDefault.xctoolchain/usr/bin/swiftc -module-name main -Onone -enforce-exclusivity\=checked @/Users/emilianolunageorge/Library/Developer/Xcode/DerivedData/main-dozvzaezbfnrgfgmhynrdfvdsijt/Build/Intermediates.noindex/main.build/Debug-iphonesimulator/main.build/Objects-normal/arm64/main.SwiftFileList -DDEBUG -default-isolation\=MainActor -enable-bare-slash-regex -enable-upcoming-feature DisableOutwardActorInference -enable-upcoming-feature InferSendableFromCaptures -enable-upcoming-feature GlobalActorIsolatedTypesUsability -enable-upcoming-feature MemberImportVisibility -enable-upcoming-feature InferIsolatedConformances -enable-upcoming-feature NonisolatedNonsendingByDefault -enable-experimental-feature DebugDescriptionMacro -sdk /Applications/Xcode.app/Contents/Developer/Platforms/iPhoneSimulator.platform/Developer/SDKs/iPhoneSimulator26.0.sdk -target arm64-apple-ios26.0-simulator -g -module-cache-path /Users/emilianolunageorge/Library/Developer/Xcode/DerivedData/ModuleCache.noindex -Xfrontend -serialize-debugging-options -enable-testing -index-store-path /Users/emilianolunageorge/Library/Developer/Xcode/DerivedData/main-dozvzaezbfnrgfgmhynrdfvdsijt/Index.noindex/DataStore -Xcc -D_LIBCPP_HARDENING_MODE\=_LIBCPP_HARDENING_MODE_DEBUG -swift-version 5 -I /Users/emilianolunageorge/Library/Developer/Xcode/DerivedData/main-dozvzaezbfnrgfgmhynrdfvdsijt/Build/Products/Debug-iphonesimulator -F /Users/emilianolunageorge/Library/Developer/Xcode/DerivedData/main-dozvzaezbfnrgfgmhynrdfvdsijt/Build/Products/Debug-iphonesimulator -emit-localized-strings -emit-localized-strings-path /Users/emilianolunageorge/Library/Developer/Xcode/DerivedData/main-dozvzaezbfnrgfgmhynrdfvdsijt/Build/Intermediates.noindex/main.build/Debug-iphonesimulator/main.build/Objects-normal/arm64 -c -j10 -enable-batch-mode -incremental -Xcc -ivfsstatcache -Xcc /Users/emilianolunageorge/Library/Developer/Xcode/DerivedData/SDKStatCaches.noindex/iphonesimulator26.0-23A339-26257891a6c027eb51374368541b8346.sdkstatcache -output-file-map /Users/emilianolunageorge/Library/Developer/Xcode/DerivedData/main-dozvzaezbfnrgfgmhynrdfvdsijt/Build/Intermediates.noindex/main.build/Debug-iphonesimulator/main.build/Objects-normal/arm64/main-OutputFileMap.json -use-frontend-parseable-output -save-temps -no-color-diagnostics -explicit-module-build -module-cache-path /Users/emilianolunageorge/Library/Developer/Xcode/DerivedData/main-dozvzaezbfnrgfgmhynrdfvdsijt/Build/Intermediates.noindex/SwiftExplicitPrecompiledModules -clang-scanner-module-cache-path /Users/emilianolunageorge/Library/Developer/Xcode/DerivedData/ModuleCache.noindex -sdk-module-cache-path /Users/emilianolunageorge/Library/Developer/Xcode/DerivedData/ModuleCache.noindex -serialize-diagnostics -emit-dependencies -emit-module -emit-module-path /Users/emilianolunageorge/Library/Developer/Xcode/DerivedData/main-dozvzaezbfnrgfgmhynrdfvdsijt/Build/Intermediates.noindex/main.build/Debug-iphonesimulator/main.build/Objects-normal/arm64/main.swiftmodule -validate-clang-modules-once -clang-build-session-file /Users/emilianolunageorge/Library/Developer/Xcode/DerivedData/ModuleCache.noindex/Session.modulevalidation -Xcc -I/Users/emilianolunageorge/Library/Developer/Xcode/DerivedData/main-dozvzaezbfnrgfgmhynrdfvdsijt/Build/Intermediates.noindex/main.build/Debug-iphonesimulator/main.build/swift-overrides.hmap -emit-const-values -Xfrontend -const-gather-protocols-file -Xfrontend /Users/emilianolunageorge/Library/Developer/Xcode/DerivedData/main-dozvzaezbfnrgfgmhynrdfvdsijt/Build/Intermediates.noindex/main.build/Debug-iphonesimulator/main.build/Objects-normal/arm64/main_const_extract_protocols.json -Xcc -iquote -Xcc /Users/emilianolunageorge/Library/Developer/Xcode/DerivedData/main-dozvzaezbfnrgfgmhynrdfvdsijt/Build/Intermediates.noindex/main.build/Debug-iphonesimulator/main.build/main-generated-files.hmap -Xcc -I/Users/emilianolunageorge/Library/Developer/Xcode/DerivedData/main-dozvzaezbfnrgfgmhynrdfvdsijt/Build/Intermediates.noindex/main.build/Debug-iphonesimulator/main.build/main-own-target-headers.hmap -Xcc -I/Users/emilianolunageorge/Library/Developer/Xcode/DerivedData/main-dozvzaezbfnrgfgmhynrdfvdsijt/Build/Intermediates.noindex/main.build/Debug-iphonesimulator/main.build/main-all-target-headers.hmap -Xcc -iquote -Xcc /Users/emilianolunageorge/Library/Developer/Xcode/DerivedData/main-dozvzaezbfnrgfgmhynrdfvdsijt/Build/Intermediates.noindex/main.build/Debug-iphonesimulator/main.build/main-project-headers.hmap -Xcc -I/Users/emilianolunageorge/Library/Developer/Xcode/DerivedData/main-dozvzaezbfnrgfgmhynrdfvdsijt/Build/Products/Debug-iphonesimulator/include -Xcc -I/Users/emilianolunageorge/Library/Developer/Xcode/DerivedData/main-dozvzaezbfnrgfgmhynrdfvdsijt/Build/Intermediates.noindex/main.build/Debug-iphonesimulator/main.build/DerivedSources-normal/arm64 -Xcc -I/Users/emilianolunageorge/Library/Developer/Xcode/DerivedData/main-dozvzaezbfnrgfgmhynrdfvdsijt/Build/Intermediates.noindex/main.build/Debug-iphonesimulator/main.build/DerivedSources/arm64 -Xcc -I/Users/emilianolunageorge/Library/Developer/Xcode/DerivedData/main-dozvzaezbfnrgfgmhynrdfvdsijt/Build/Intermediates.noindex/main.build/Debug-iphonesimulator/main.build/DerivedSources -Xcc -DDEBUG\=1 -emit-objc-header -emit-objc-header-path /Users/emilianolunageorge/Library/Developer/Xcode/DerivedData/main-dozvzaezbfnrgfgmhynrdfvdsijt/Build/Intermediates.noindex/main.build/Debug-iphonesimulator/main.build/Objects-normal/arm64/main-Swift.h -working-directory /Users/emilianolunageorge/Documents/Academy/SecondChallenge/main -experimental-emit-module-separately -disable-cmo

SwiftCompile normal arm64 Compiling\ RingtoneCard.swift,\ SongRow.swift,\ WideCardComponent.swift,\ AlbumModel.swift,\ Artist.swift /Users/emilianolunageorge/Documents/Academy/SecondChallenge/main/main/Components/RingtoneCard.swift /Users/emilianolunageorge/Documents/Academy/SecondChallenge/main/main/Components/SongRow.swift /Users/emilianolunageorge/Documents/Academy/SecondChallenge/main/main/Components/WideCardComponent.swift /Users/emilianolunageorge/Documents/Academy/SecondChallenge/main/main/Models/AlbumModel.swift /Users/emilianolunageorge/Documents/Academy/SecondChallenge/main/main/Models/Artist.swift (in target 'main' from project 'main')

SwiftCompile normal arm64 /Users/emilianolunageorge/Documents/Academy/SecondChallenge/main/main/Components/RingtoneCard.swift (in target 'main' from project 'main')
    cd /Users/emilianolunageorge/Documents/Academy/SecondChallenge/main
    

SwiftCompile normal arm64 /Users/emilianolunageorge/Documents/Academy/SecondChallenge/main/main/Components/SongRow.swift (in target 'main' from project 'main')
    cd /Users/emilianolunageorge/Documents/Academy/SecondChallenge/main
    

SwiftCompile normal arm64 /Users/emilianolunageorge/Documents/Academy/SecondChallenge/main/main/Components/WideCardComponent.swift (in target 'main' from project 'main')
    cd /Users/emilianolunageorge/Documents/Academy/SecondChallenge/main
    

SwiftCompile normal arm64 /Users/emilianolunageorge/Documents/Academy/SecondChallenge/main/main/Models/AlbumModel.swift (in target 'main' from project 'main')
    cd /Users/emilianolunageorge/Documents/Academy/SecondChallenge/main
    

SwiftCompile normal arm64 /Users/emilianolunageorge/Documents/Academy/SecondChallenge/main/main/Models/Artist.swift (in target 'main' from project 'main')
    cd /Users/emilianolunageorge/Documents/Academy/SecondChallenge/main
    

SwiftCompile normal arm64 Compiling\ PlayerViewModel.swift,\ RingtonesViewModel.swift,\ SearchViewModel.swift,\ SongDetailViewModel.swift,\ AccountMenuView.swift /Users/emilianolunageorge/Documents/Academy/SecondChallenge/main/main/ViewModels/PlayerViewModel.swift /Users/emilianolunageorge/Documents/Academy/SecondChallenge/main/main/ViewModels/RingtonesViewModel.swift /Users/emilianolunageorge/Documents/Academy/SecondChallenge/main/main/ViewModels/SearchViewModel.swift /Users/emilianolunageorge/Documents/Academy/SecondChallenge/main/main/ViewModels/SongDetailViewModel.swift /Users/emilianolunageorge/Documents/Academy/SecondChallenge/main/main/Views/AccountMenuView.swift (in target 'main' from project 'main')

SwiftCompile normal arm64 /Users/emilianolunageorge/Documents/Academy/SecondChallenge/main/main/ViewModels/PlayerViewModel.swift (in target 'main' from project 'main')
    cd /Users/emilianolunageorge/Documents/Academy/SecondChallenge/main
    
/Users/emilianolunageorge/Documents/Academy/SecondChallenge/main/main/ViewModels/PlayerViewModel.swift:68:17: warning: reference to captured var 'self' in concurrently-executing code; this is an error in the Swift 6 language mode
                self?.handlePlayerStatus(item.status)
                ^
/Users/emilianolunageorge/Documents/Academy/SecondChallenge/main/main/ViewModels/PlayerViewModel.swift:76:17: warning: reference to captured var 'self' in concurrently-executing code; this is an error in the Swift 6 language mode
                self?.updateProgress(time)
                ^
/Users/emilianolunageorge/Documents/Academy/SecondChallenge/main/main/ViewModels/PlayerViewModel.swift:87:17: warning: reference to captured var 'self' in concurrently-executing code; this is an error in the Swift 6 language mode
                self?.stop()
                ^

SwiftCompile normal arm64 /Users/emilianolunageorge/Documents/Academy/SecondChallenge/main/main/ViewModels/RingtonesViewModel.swift (in target 'main' from project 'main')
    cd /Users/emilianolunageorge/Documents/Academy/SecondChallenge/main
    
/Users/emilianolunageorge/Documents/Academy/SecondChallenge/main/main/ViewModels/RingtonesViewModel.swift:35:11: warning: 'catch' block is unreachable because no errors are thrown in 'do' block
        } catch {
          ^

SwiftCompile normal arm64 /Users/emilianolunageorge/Documents/Academy/SecondChallenge/main/main/ViewModels/SearchViewModel.swift (in target 'main' from project 'main')
    cd /Users/emilianolunageorge/Documents/Academy/SecondChallenge/main
    

SwiftCompile normal arm64 /Users/emilianolunageorge/Documents/Academy/SecondChallenge/main/main/ViewModels/SongDetailViewModel.swift (in target 'main' from project 'main')
    cd /Users/emilianolunageorge/Documents/Academy/SecondChallenge/main
    
/Users/emilianolunageorge/Documents/Academy/SecondChallenge/main/main/ViewModels/SongDetailViewModel.swift:28:11: warning: 'catch' block is unreachable because no errors are thrown in 'do' block
        } catch {
          ^

SwiftCompile normal arm64 /Users/emilianolunageorge/Documents/Academy/SecondChallenge/main/main/Views/AccountMenuView.swift (in target 'main' from project 'main')
    cd /Users/emilianolunageorge/Documents/Academy/SecondChallenge/main
    

SwiftEmitModule normal arm64 Emitting\ module\ for\ main (in target 'main' from project 'main')

EmitSwiftModule normal arm64 (in target 'main' from project 'main')
    cd /Users/emilianolunageorge/Documents/Academy/SecondChallenge/main
    

SwiftCompile normal arm64 Compiling\ SpotifyAPIService.swift,\ SpotifyAuthService.swift,\ HomeViewModel.swift,\ MusicVideoDetailViewModel.swift,\ MusicVideosViewModel.swift /Users/emilianolunageorge/Documents/Academy/SecondChallenge/main/main/Services/SpotifyAPIService.swift /Users/emilianolunageorge/Documents/Academy/SecondChallenge/main/main/Services/SpotifyAuthService.swift /Users/emilianolunageorge/Documents/Academy/SecondChallenge/main/main/ViewModels/HomeViewModel.swift /Users/emilianolunageorge/Documents/Academy/SecondChallenge/main/main/ViewModels/MusicVideoDetailViewModel.swift /Users/emilianolunageorge/Documents/Academy/SecondChallenge/main/main/ViewModels/MusicVideosViewModel.swift (in target 'main' from project 'main')

SwiftCompile normal arm64 /Users/emilianolunageorge/Documents/Academy/SecondChallenge/main/main/Services/SpotifyAPIService.swift (in target 'main' from project 'main')
    cd /Users/emilianolunageorge/Documents/Academy/SecondChallenge/main
    
/Users/emilianolunageorge/Documents/Academy/SecondChallenge/main/main/Services/SpotifyAPIService.swift:73:13: warning: no 'async' operations occur within 'await' expression
            await authService.clearAuthentication()
            ^

SwiftCompile normal arm64 /Users/emilianolunageorge/Documents/Academy/SecondChallenge/main/main/Services/SpotifyAuthService.swift (in target 'main' from project 'main')
    cd /Users/emilianolunageorge/Documents/Academy/SecondChallenge/main
    

SwiftCompile normal arm64 /Users/emilianolunageorge/Documents/Academy/SecondChallenge/main/main/ViewModels/HomeViewModel.swift (in target 'main' from project 'main')
    cd /Users/emilianolunageorge/Documents/Academy/SecondChallenge/main
    

SwiftCompile normal arm64 /Users/emilianolunageorge/Documents/Academy/SecondChallenge/main/main/ViewModels/MusicVideoDetailViewModel.swift (in target 'main' from project 'main')
    cd /Users/emilianolunageorge/Documents/Academy/SecondChallenge/main
    
/Users/emilianolunageorge/Documents/Academy/SecondChallenge/main/main/ViewModels/MusicVideoDetailViewModel.swift:31:11: warning: 'catch' block is unreachable because no errors are thrown in 'do' block
        } catch {
          ^

SwiftCompile normal arm64 /Users/emilianolunageorge/Documents/Academy/SecondChallenge/main/main/ViewModels/MusicVideosViewModel.swift (in target 'main' from project 'main')
    cd /Users/emilianolunageorge/Documents/Academy/SecondChallenge/main
    
/Users/emilianolunageorge/Documents/Academy/SecondChallenge/main/main/ViewModels/MusicVideosViewModel.swift:32:11: warning: 'catch' block is unreachable because no errors are thrown in 'do' block
        } catch {
          ^

SwiftCompile normal arm64 Compiling\ GridLayouts.swift,\ HorizontalCarousel.swift,\ MusicVideoCard.swift,\ NavegationBarComponent.swift,\ PlayerMiniBar.swift /Users/emilianolunageorge/Documents/Academy/SecondChallenge/main/main/Components/GridLayouts.swift /Users/emilianolunageorge/Documents/Academy/SecondChallenge/main/main/Components/HorizontalCarousel.swift /Users/emilianolunageorge/Documents/Academy/SecondChallenge/main/main/Components/MusicVideoCard.swift /Users/emilianolunageorge/Documents/Academy/SecondChallenge/main/main/Components/NavegationBarComponent.swift /Users/emilianolunageorge/Documents/Academy/SecondChallenge/main/main/Components/PlayerMiniBar.swift (in target 'main' from project 'main')

SwiftCompile normal arm64 /Users/emilianolunageorge/Documents/Academy/SecondChallenge/main/main/Components/GridLayouts.swift (in target 'main' from project 'main')
    cd /Users/emilianolunageorge/Documents/Academy/SecondChallenge/main
    

SwiftCompile normal arm64 /Users/emilianolunageorge/Documents/Academy/SecondChallenge/main/main/Components/HorizontalCarousel.swift (in target 'main' from project 'main')
    cd /Users/emilianolunageorge/Documents/Academy/SecondChallenge/main
    

SwiftCompile normal arm64 /Users/emilianolunageorge/Documents/Academy/SecondChallenge/main/main/Components/MusicVideoCard.swift (in target 'main' from project 'main')
    cd /Users/emilianolunageorge/Documents/Academy/SecondChallenge/main
    

SwiftCompile normal arm64 /Users/emilianolunageorge/Documents/Academy/SecondChallenge/main/main/Components/NavegationBarComponent.swift (in target 'main' from project 'main')
    cd /Users/emilianolunageorge/Documents/Academy/SecondChallenge/main
    

SwiftCompile normal arm64 /Users/emilianolunageorge/Documents/Academy/SecondChallenge/main/main/Components/PlayerMiniBar.swift (in target 'main' from project 'main')
    cd /Users/emilianolunageorge/Documents/Academy/SecondChallenge/main
    

SwiftCompile normal arm64 Compiling\ RingtoneDetailView.swift,\ RingtonesView.swift,\ SearchView.swift,\ TermsView.swift,\ WideCarouselView.swift /Users/emilianolunageorge/Documents/Academy/SecondChallenge/main/main/Views/RingtoneDetailView.swift /Users/emilianolunageorge/Documents/Academy/SecondChallenge/main/main/Views/RingtonesView.swift /Users/emilianolunageorge/Documents/Academy/SecondChallenge/main/main/Views/SearchView.swift /Users/emilianolunageorge/Documents/Academy/SecondChallenge/main/main/Views/TermsView.swift /Users/emilianolunageorge/Documents/Academy/SecondChallenge/main/main/Views/WideCarouselView.swift (in target 'main' from project 'main')

SwiftCompile normal arm64 /Users/emilianolunageorge/Documents/Academy/SecondChallenge/main/main/Views/RingtoneDetailView.swift (in target 'main' from project 'main')
    cd /Users/emilianolunageorge/Documents/Academy/SecondChallenge/main
    

SwiftCompile normal arm64 /Users/emilianolunageorge/Documents/Academy/SecondChallenge/main/main/Views/RingtonesView.swift (in target 'main' from project 'main')
    cd /Users/emilianolunageorge/Documents/Academy/SecondChallenge/main
    

SwiftCompile normal arm64 /Users/emilianolunageorge/Documents/Academy/SecondChallenge/main/main/Views/SearchView.swift (in target 'main' from project 'main')
    cd /Users/emilianolunageorge/Documents/Academy/SecondChallenge/main
    

SwiftCompile normal arm64 /Users/emilianolunageorge/Documents/Academy/SecondChallenge/main/main/Views/TermsView.swift (in target 'main' from project 'main')
    cd /Users/emilianolunageorge/Documents/Academy/SecondChallenge/main
    

SwiftCompile normal arm64 /Users/emilianolunageorge/Documents/Academy/SecondChallenge/main/main/Views/WideCarouselView.swift (in target 'main' from project 'main')
    cd /Users/emilianolunageorge/Documents/Academy/SecondChallenge/main
    

SwiftCompile normal arm64 Compiling\ AlbumDetailView.swift,\ CarouselView.swift,\ DownloadsView.swift,\ FullPlayerView.swift,\ GirdView.swift /Users/emilianolunageorge/Documents/Academy/SecondChallenge/main/main/Views/AlbumDetailView.swift /Users/emilianolunageorge/Documents/Academy/SecondChallenge/main/main/Views/CarouselView.swift /Users/emilianolunageorge/Documents/Academy/SecondChallenge/main/main/Views/DownloadsView.swift /Users/emilianolunageorge/Documents/Academy/SecondChallenge/main/main/Views/FullPlayerView.swift /Users/emilianolunageorge/Documents/Academy/SecondChallenge/main/main/Views/GirdView.swift (in target 'main' from project 'main')

SwiftCompile normal arm64 /Users/emilianolunageorge/Documents/Academy/SecondChallenge/main/main/Views/AlbumDetailView.swift (in target 'main' from project 'main')
    cd /Users/emilianolunageorge/Documents/Academy/SecondChallenge/main
    

SwiftCompile normal arm64 /Users/emilianolunageorge/Documents/Academy/SecondChallenge/main/main/Views/CarouselView.swift (in target 'main' from project 'main')
    cd /Users/emilianolunageorge/Documents/Academy/SecondChallenge/main
    

SwiftCompile normal arm64 /Users/emilianolunageorge/Documents/Academy/SecondChallenge/main/main/Views/DownloadsView.swift (in target 'main' from project 'main')
    cd /Users/emilianolunageorge/Documents/Academy/SecondChallenge/main
    

SwiftCompile normal arm64 /Users/emilianolunageorge/Documents/Academy/SecondChallenge/main/main/Views/FullPlayerView.swift (in target 'main' from project 'main')
    cd /Users/emilianolunageorge/Documents/Academy/SecondChallenge/main
    

SwiftCompile normal arm64 /Users/emilianolunageorge/Documents/Academy/SecondChallenge/main/main/Views/GirdView.swift (in target 'main' from project 'main')
    cd /Users/emilianolunageorge/Documents/Academy/SecondChallenge/main
    

SwiftCompile normal arm64 Compiling\ Config.swift,\ ContentView.swift,\ HomeView.swift,\ mainApp.swift,\ GeneratedAssetSymbols.swift /Users/emilianolunageorge/Documents/Academy/SecondChallenge/main/main/Config.swift /Users/emilianolunageorge/Documents/Academy/SecondChallenge/main/main/ContentView.swift /Users/emilianolunageorge/Documents/Academy/SecondChallenge/main/main/HomeView.swift /Users/emilianolunageorge/Documents/Academy/SecondChallenge/main/main/mainApp.swift /Users/emilianolunageorge/Library/Developer/Xcode/DerivedData/main-dozvzaezbfnrgfgmhynrdfvdsijt/Build/Intermediates.noindex/main.build/Debug-iphonesimulator/main.build/DerivedSources/GeneratedAssetSymbols.swift (in target 'main' from project 'main')

SwiftCompile normal arm64 /Users/emilianolunageorge/Documents/Academy/SecondChallenge/main/main/Config.swift (in target 'main' from project 'main')
    cd /Users/emilianolunageorge/Documents/Academy/SecondChallenge/main
    

SwiftCompile normal arm64 /Users/emilianolunageorge/Documents/Academy/SecondChallenge/main/main/ContentView.swift (in target 'main' from project 'main')
    cd /Users/emilianolunageorge/Documents/Academy/SecondChallenge/main
    

SwiftCompile normal arm64 /Users/emilianolunageorge/Documents/Academy/SecondChallenge/main/main/HomeView.swift (in target 'main' from project 'main')
    cd /Users/emilianolunageorge/Documents/Academy/SecondChallenge/main
    

SwiftCompile normal arm64 /Users/emilianolunageorge/Documents/Academy/SecondChallenge/main/main/mainApp.swift (in target 'main' from project 'main')
    cd /Users/emilianolunageorge/Documents/Academy/SecondChallenge/main
    

SwiftCompile normal arm64 /Users/emilianolunageorge/Library/Developer/Xcode/DerivedData/main-dozvzaezbfnrgfgmhynrdfvdsijt/Build/Intermediates.noindex/main.build/Debug-iphonesimulator/main.build/DerivedSources/GeneratedAssetSymbols.swift (in target 'main' from project 'main')
    cd /Users/emilianolunageorge/Documents/Academy/SecondChallenge/main
    

SwiftCompile normal arm64 Compiling\ AlbumCard.swift,\ AlbumGridCard.swift,\ CardComponent.swift,\ CellComponent.swift,\ ExplicitComponent.swift /Users/emilianolunageorge/Documents/Academy/SecondChallenge/main/main/Components/AlbumCard.swift /Users/emilianolunageorge/Documents/Academy/SecondChallenge/main/main/Components/AlbumGridCard.swift /Users/emilianolunageorge/Documents/Academy/SecondChallenge/main/main/Components/CardComponent.swift /Users/emilianolunageorge/Documents/Academy/SecondChallenge/main/main/Components/CellComponent.swift /Users/emilianolunageorge/Documents/Academy/SecondChallenge/main/main/Components/ExplicitComponent.swift (in target 'main' from project 'main')

SwiftCompile normal arm64 /Users/emilianolunageorge/Documents/Academy/SecondChallenge/main/main/Components/AlbumCard.swift (in target 'main' from project 'main')
    cd /Users/emilianolunageorge/Documents/Academy/SecondChallenge/main
    

SwiftCompile normal arm64 /Users/emilianolunageorge/Documents/Academy/SecondChallenge/main/main/Components/AlbumGridCard.swift (in target 'main' from project 'main')
    cd /Users/emilianolunageorge/Documents/Academy/SecondChallenge/main
    

SwiftCompile normal arm64 /Users/emilianolunageorge/Documents/Academy/SecondChallenge/main/main/Components/CardComponent.swift (in target 'main' from project 'main')
    cd /Users/emilianolunageorge/Documents/Academy/SecondChallenge/main
    

SwiftCompile normal arm64 /Users/emilianolunageorge/Documents/Academy/SecondChallenge/main/main/Components/CellComponent.swift (in target 'main' from project 'main')
    cd /Users/emilianolunageorge/Documents/Academy/SecondChallenge/main
    

SwiftCompile normal arm64 /Users/emilianolunageorge/Documents/Academy/SecondChallenge/main/main/Components/ExplicitComponent.swift (in target 'main' from project 'main')
    cd /Users/emilianolunageorge/Documents/Academy/SecondChallenge/main
    

SwiftCompile normal arm64 Compiling\ MusicVideo.swift,\ Ringtone.swift,\ Song.swift,\ SpotifyAPIModels.swift,\ MockAPIService.swift /Users/emilianolunageorge/Documents/Academy/SecondChallenge/main/main/Models/MusicVideo.swift /Users/emilianolunageorge/Documents/Academy/SecondChallenge/main/main/Models/Ringtone.swift /Users/emilianolunageorge/Documents/Academy/SecondChallenge/main/main/Models/Song.swift /Users/emilianolunageorge/Documents/Academy/SecondChallenge/main/main/Models/SpotifyAPIModels.swift /Users/emilianolunageorge/Documents/Academy/SecondChallenge/main/main/Services/MockAPIService.swift (in target 'main' from project 'main')

SwiftCompile normal arm64 /Users/emilianolunageorge/Documents/Academy/SecondChallenge/main/main/Models/MusicVideo.swift (in target 'main' from project 'main')
    cd /Users/emilianolunageorge/Documents/Academy/SecondChallenge/main
    

SwiftCompile normal arm64 /Users/emilianolunageorge/Documents/Academy/SecondChallenge/main/main/Models/Ringtone.swift (in target 'main' from project 'main')
    cd /Users/emilianolunageorge/Documents/Academy/SecondChallenge/main
    

SwiftCompile normal arm64 /Users/emilianolunageorge/Documents/Academy/SecondChallenge/main/main/Models/Song.swift (in target 'main' from project 'main')
    cd /Users/emilianolunageorge/Documents/Academy/SecondChallenge/main
    

SwiftCompile normal arm64 /Users/emilianolunageorge/Documents/Academy/SecondChallenge/main/main/Models/SpotifyAPIModels.swift (in target 'main' from project 'main')
    cd /Users/emilianolunageorge/Documents/Academy/SecondChallenge/main
    

SwiftCompile normal arm64 /Users/emilianolunageorge/Documents/Academy/SecondChallenge/main/main/Services/MockAPIService.swift (in target 'main' from project 'main')
    cd /Users/emilianolunageorge/Documents/Academy/SecondChallenge/main
    

SwiftDriverJobDiscovery normal arm64 Emitting module for main (in target 'main' from project 'main')

SwiftDriverJobDiscovery normal arm64 Compiling SpotifyAPIService.swift, SpotifyAuthService.swift, HomeViewModel.swift, MusicVideoDetailViewModel.swift, MusicVideosViewModel.swift (in target 'main' from project 'main')

SwiftDriver\ Compilation\ Requirements main normal arm64 com.apple.xcode.tools.swift.compiler (in target 'main' from project 'main')
    cd /Users/emilianolunageorge/Documents/Academy/SecondChallenge/main
    builtin-Swift-Compilation-Requirements -- /Applications/Xcode.app/Contents/Developer/Toolchains/XcodeDefault.xctoolchain/usr/bin/swiftc -module-name main -Onone -enforce-exclusivity\=checked @/Users/emilianolunageorge/Library/Developer/Xcode/DerivedData/main-dozvzaezbfnrgfgmhynrdfvdsijt/Build/Intermediates.noindex/main.build/Debug-iphonesimulator/main.build/Objects-normal/arm64/main.SwiftFileList -DDEBUG -default-isolation\=MainActor -enable-bare-slash-regex -enable-upcoming-feature DisableOutwardActorInference -enable-upcoming-feature InferSendableFromCaptures -enable-upcoming-feature GlobalActorIsolatedTypesUsability -enable-upcoming-feature MemberImportVisibility -enable-upcoming-feature InferIsolatedConformances -enable-upcoming-feature NonisolatedNonsendingByDefault -enable-experimental-feature DebugDescriptionMacro -sdk /Applications/Xcode.app/Contents/Developer/Platforms/iPhoneSimulator.platform/Developer/SDKs/iPhoneSimulator26.0.sdk -target arm64-apple-ios26.0-simulator -g -module-cache-path /Users/emilianolunageorge/Library/Developer/Xcode/DerivedData/ModuleCache.noindex -Xfrontend -serialize-debugging-options -enable-testing -index-store-path /Users/emilianolunageorge/Library/Developer/Xcode/DerivedData/main-dozvzaezbfnrgfgmhynrdfvdsijt/Index.noindex/DataStore -Xcc -D_LIBCPP_HARDENING_MODE\=_LIBCPP_HARDENING_MODE_DEBUG -swift-version 5 -I /Users/emilianolunageorge/Library/Developer/Xcode/DerivedData/main-dozvzaezbfnrgfgmhynrdfvdsijt/Build/Products/Debug-iphonesimulator -F /Users/emilianolunageorge/Library/Developer/Xcode/DerivedData/main-dozvzaezbfnrgfgmhynrdfvdsijt/Build/Products/Debug-iphonesimulator -emit-localized-strings -emit-localized-strings-path /Users/emilianolunageorge/Library/Developer/Xcode/DerivedData/main-dozvzaezbfnrgfgmhynrdfvdsijt/Build/Intermediates.noindex/main.build/Debug-iphonesimulator/main.build/Objects-normal/arm64 -c -j10 -enable-batch-mode -incremental -Xcc -ivfsstatcache -Xcc /Users/emilianolunageorge/Library/Developer/Xcode/DerivedData/SDKStatCaches.noindex/iphonesimulator26.0-23A339-26257891a6c027eb51374368541b8346.sdkstatcache -output-file-map /Users/emilianolunageorge/Library/Developer/Xcode/DerivedData/main-dozvzaezbfnrgfgmhynrdfvdsijt/Build/Intermediates.noindex/main.build/Debug-iphonesimulator/main.build/Objects-normal/arm64/main-OutputFileMap.json -use-frontend-parseable-output -save-temps -no-color-diagnostics -explicit-module-build -module-cache-path /Users/emilianolunageorge/Library/Developer/Xcode/DerivedData/main-dozvzaezbfnrgfgmhynrdfvdsijt/Build/Intermediates.noindex/SwiftExplicitPrecompiledModules -clang-scanner-module-cache-path /Users/emilianolunageorge/Library/Developer/Xcode/DerivedData/ModuleCache.noindex -sdk-module-cache-path /Users/emilianolunageorge/Library/Developer/Xcode/DerivedData/ModuleCache.noindex -serialize-diagnostics -emit-dependencies -emit-module -emit-module-path /Users/emilianolunageorge/Library/Developer/Xcode/DerivedData/main-dozvzaezbfnrgfgmhynrdfvdsijt/Build/Intermediates.noindex/main.build/Debug-iphonesimulator/main.build/Objects-normal/arm64/main.swiftmodule -validate-clang-modules-once -clang-build-session-file /Users/emilianolunageorge/Library/Developer/Xcode/DerivedData/ModuleCache.noindex/Session.modulevalidation -Xcc -I/Users/emilianolunageorge/Library/Developer/Xcode/DerivedData/main-dozvzaezbfnrgfgmhynrdfvdsijt/Build/Intermediates.noindex/main.build/Debug-iphonesimulator/main.build/swift-overrides.hmap -emit-const-values -Xfrontend -const-gather-protocols-file -Xfrontend /Users/emilianolunageorge/Library/Developer/Xcode/DerivedData/main-dozvzaezbfnrgfgmhynrdfvdsijt/Build/Intermediates.noindex/main.build/Debug-iphonesimulator/main.build/Objects-normal/arm64/main_const_extract_protocols.json -Xcc -iquote -Xcc /Users/emilianolunageorge/Library/Developer/Xcode/DerivedData/main-dozvzaezbfnrgfgmhynrdfvdsijt/Build/Intermediates.noindex/main.build/Debug-iphonesimulator/main.build/main-generated-files.hmap -Xcc -I/Users/emilianolunageorge/Library/Developer/Xcode/DerivedData/main-dozvzaezbfnrgfgmhynrdfvdsijt/Build/Intermediates.noindex/main.build/Debug-iphonesimulator/main.build/main-own-target-headers.hmap -Xcc -I/Users/emilianolunageorge/Library/Developer/Xcode/DerivedData/main-dozvzaezbfnrgfgmhynrdfvdsijt/Build/Intermediates.noindex/main.build/Debug-iphonesimulator/main.build/main-all-target-headers.hmap -Xcc -iquote -Xcc /Users/emilianolunageorge/Library/Developer/Xcode/DerivedData/main-dozvzaezbfnrgfgmhynrdfvdsijt/Build/Intermediates.noindex/main.build/Debug-iphonesimulator/main.build/main-project-headers.hmap -Xcc -I/Users/emilianolunageorge/Library/Developer/Xcode/DerivedData/main-dozvzaezbfnrgfgmhynrdfvdsijt/Build/Products/Debug-iphonesimulator/include -Xcc -I/Users/emilianolunageorge/Library/Developer/Xcode/DerivedData/main-dozvzaezbfnrgfgmhynrdfvdsijt/Build/Intermediates.noindex/main.build/Debug-iphonesimulator/main.build/DerivedSources-normal/arm64 -Xcc -I/Users/emilianolunageorge/Library/Developer/Xcode/DerivedData/main-dozvzaezbfnrgfgmhynrdfvdsijt/Build/Intermediates.noindex/main.build/Debug-iphonesimulator/main.build/DerivedSources/arm64 -Xcc -I/Users/emilianolunageorge/Library/Developer/Xcode/DerivedData/main-dozvzaezbfnrgfgmhynrdfvdsijt/Build/Intermediates.noindex/main.build/Debug-iphonesimulator/main.build/DerivedSources -Xcc -DDEBUG\=1 -emit-objc-header -emit-objc-header-path /Users/emilianolunageorge/Library/Developer/Xcode/DerivedData/main-dozvzaezbfnrgfgmhynrdfvdsijt/Build/Intermediates.noindex/main.build/Debug-iphonesimulator/main.build/Objects-normal/arm64/main-Swift.h -working-directory /Users/emilianolunageorge/Documents/Academy/SecondChallenge/main -experimental-emit-module-separately -disable-cmo

SwiftCompile normal arm64 Compiling\ InfoView.swift,\ MusicVideoDetailView.swift,\ MusicVideosView.swift,\ PurchasedView.swift,\ RedeemCodeView.swift /Users/emilianolunageorge/Documents/Academy/SecondChallenge/main/main/Views/InfoView.swift /Users/emilianolunageorge/Documents/Academy/SecondChallenge/main/main/Views/MusicVideoDetailView.swift /Users/emilianolunageorge/Documents/Academy/SecondChallenge/main/main/Views/MusicVideosView.swift /Users/emilianolunageorge/Documents/Academy/SecondChallenge/main/main/Views/PurchasedView.swift /Users/emilianolunageorge/Documents/Academy/SecondChallenge/main/main/Views/RedeemCodeView.swift (in target 'main' from project 'main')

SwiftCompile normal arm64 /Users/emilianolunageorge/Documents/Academy/SecondChallenge/main/main/Views/InfoView.swift (in target 'main' from project 'main')
    cd /Users/emilianolunageorge/Documents/Academy/SecondChallenge/main
    

SwiftCompile normal arm64 /Users/emilianolunageorge/Documents/Academy/SecondChallenge/main/main/Views/MusicVideoDetailView.swift (in target 'main' from project 'main')
    cd /Users/emilianolunageorge/Documents/Academy/SecondChallenge/main
    
/Users/emilianolunageorge/Documents/Academy/SecondChallenge/main/main/Views/MusicVideoDetailView.swift:97:36: warning: value 'viewCount' was defined but never used; consider replacing with boolean test
                            if let viewCount = video.viewCount {
                               ~~~~^~~~~~~~~~~~
                                                               != nil

SwiftCompile normal arm64 /Users/emilianolunageorge/Documents/Academy/SecondChallenge/main/main/Views/MusicVideosView.swift (in target 'main' from project 'main')
    cd /Users/emilianolunageorge/Documents/Academy/SecondChallenge/main
    

SwiftCompile normal arm64 /Users/emilianolunageorge/Documents/Academy/SecondChallenge/main/main/Views/PurchasedView.swift (in target 'main' from project 'main')
    cd /Users/emilianolunageorge/Documents/Academy/SecondChallenge/main
    

SwiftCompile normal arm64 /Users/emilianolunageorge/Documents/Academy/SecondChallenge/main/main/Views/RedeemCodeView.swift (in target 'main' from project 'main')
    cd /Users/emilianolunageorge/Documents/Academy/SecondChallenge/main
    

SwiftMergeGeneratedHeaders /Users/emilianolunageorge/Library/Developer/Xcode/DerivedData/main-dozvzaezbfnrgfgmhynrdfvdsijt/Build/Intermediates.noindex/main.build/Debug-iphonesimulator/main.build/DerivedSources/main-Swift.h /Users/emilianolunageorge/Library/Developer/Xcode/DerivedData/main-dozvzaezbfnrgfgmhynrdfvdsijt/Build/Intermediates.noindex/main.build/Debug-iphonesimulator/main.build/Objects-normal/arm64/main-Swift.h (in target 'main' from project 'main')
    cd /Users/emilianolunageorge/Documents/Academy/SecondChallenge/main
    builtin-swiftHeaderTool -arch arm64 /Users/emilianolunageorge/Library/Developer/Xcode/DerivedData/main-dozvzaezbfnrgfgmhynrdfvdsijt/Build/Intermediates.noindex/main.build/Debug-iphonesimulator/main.build/Objects-normal/arm64/main-Swift.h -o /Users/emilianolunageorge/Library/Developer/Xcode/DerivedData/main-dozvzaezbfnrgfgmhynrdfvdsijt/Build/Intermediates.noindex/main.build/Debug-iphonesimulator/main.build/DerivedSources/main-Swift.h

SwiftDriverJobDiscovery normal arm64 Compiling Config.swift, ContentView.swift, HomeView.swift, mainApp.swift, GeneratedAssetSymbols.swift (in target 'main' from project 'main')

Copy /Users/emilianolunageorge/Library/Developer/Xcode/DerivedData/main-dozvzaezbfnrgfgmhynrdfvdsijt/Build/Products/Debug-iphonesimulator/main.swiftmodule/arm64-apple-ios-simulator.swiftmodule /Users/emilianolunageorge/Library/Developer/Xcode/DerivedData/main-dozvzaezbfnrgfgmhynrdfvdsijt/Build/Intermediates.noindex/main.build/Debug-iphonesimulator/main.build/Objects-normal/arm64/main.swiftmodule (in target 'main' from project 'main')
    cd /Users/emilianolunageorge/Documents/Academy/SecondChallenge/main
    builtin-copy -exclude .DS_Store -exclude CVS -exclude .svn -exclude .git -exclude .hg -resolve-src-symlinks -rename /Users/emilianolunageorge/Library/Developer/Xcode/DerivedData/main-dozvzaezbfnrgfgmhynrdfvdsijt/Build/Intermediates.noindex/main.build/Debug-iphonesimulator/main.build/Objects-normal/arm64/main.swiftmodule /Users/emilianolunageorge/Library/Developer/Xcode/DerivedData/main-dozvzaezbfnrgfgmhynrdfvdsijt/Build/Products/Debug-iphonesimulator/main.swiftmodule/arm64-apple-ios-simulator.swiftmodule

Copy /Users/emilianolunageorge/Library/Developer/Xcode/DerivedData/main-dozvzaezbfnrgfgmhynrdfvdsijt/Build/Products/Debug-iphonesimulator/main.swiftmodule/arm64-apple-ios-simulator.swiftdoc /Users/emilianolunageorge/Library/Developer/Xcode/DerivedData/main-dozvzaezbfnrgfgmhynrdfvdsijt/Build/Intermediates.noindex/main.build/Debug-iphonesimulator/main.build/Objects-normal/arm64/main.swiftdoc (in target 'main' from project 'main')
    cd /Users/emilianolunageorge/Documents/Academy/SecondChallenge/main
    builtin-copy -exclude .DS_Store -exclude CVS -exclude .svn -exclude .git -exclude .hg -resolve-src-symlinks -rename /Users/emilianolunageorge/Library/Developer/Xcode/DerivedData/main-dozvzaezbfnrgfgmhynrdfvdsijt/Build/Intermediates.noindex/main.build/Debug-iphonesimulator/main.build/Objects-normal/arm64/main.swiftdoc /Users/emilianolunageorge/Library/Developer/Xcode/DerivedData/main-dozvzaezbfnrgfgmhynrdfvdsijt/Build/Products/Debug-iphonesimulator/main.swiftmodule/arm64-apple-ios-simulator.swiftdoc

Copy /Users/emilianolunageorge/Library/Developer/Xcode/DerivedData/main-dozvzaezbfnrgfgmhynrdfvdsijt/Build/Products/Debug-iphonesimulator/main.swiftmodule/arm64-apple-ios-simulator.abi.json /Users/emilianolunageorge/Library/Developer/Xcode/DerivedData/main-dozvzaezbfnrgfgmhynrdfvdsijt/Build/Intermediates.noindex/main.build/Debug-iphonesimulator/main.build/Objects-normal/arm64/main.abi.json (in target 'main' from project 'main')
    cd /Users/emilianolunageorge/Documents/Academy/SecondChallenge/main
    builtin-copy -exclude .DS_Store -exclude CVS -exclude .svn -exclude .git -exclude .hg -resolve-src-symlinks -rename /Users/emilianolunageorge/Library/Developer/Xcode/DerivedData/main-dozvzaezbfnrgfgmhynrdfvdsijt/Build/Intermediates.noindex/main.build/Debug-iphonesimulator/main.build/Objects-normal/arm64/main.abi.json /Users/emilianolunageorge/Library/Developer/Xcode/DerivedData/main-dozvzaezbfnrgfgmhynrdfvdsijt/Build/Products/Debug-iphonesimulator/main.swiftmodule/arm64-apple-ios-simulator.abi.json

Copy /Users/emilianolunageorge/Library/Developer/Xcode/DerivedData/main-dozvzaezbfnrgfgmhynrdfvdsijt/Build/Products/Debug-iphonesimulator/main.swiftmodule/Project/arm64-apple-ios-simulator.swiftsourceinfo /Users/emilianolunageorge/Library/Developer/Xcode/DerivedData/main-dozvzaezbfnrgfgmhynrdfvdsijt/Build/Intermediates.noindex/main.build/Debug-iphonesimulator/main.build/Objects-normal/arm64/main.swiftsourceinfo (in target 'main' from project 'main')
    cd /Users/emilianolunageorge/Documents/Academy/SecondChallenge/main
    builtin-copy -exclude .DS_Store -exclude CVS -exclude .svn -exclude .git -exclude .hg -resolve-src-symlinks -rename /Users/emilianolunageorge/Library/Developer/Xcode/DerivedData/main-dozvzaezbfnrgfgmhynrdfvdsijt/Build/Intermediates.noindex/main.build/Debug-iphonesimulator/main.build/Objects-normal/arm64/main.swiftsourceinfo /Users/emilianolunageorge/Library/Developer/Xcode/DerivedData/main-dozvzaezbfnrgfgmhynrdfvdsijt/Build/Products/Debug-iphonesimulator/main.swiftmodule/Project/arm64-apple-ios-simulator.swiftsourceinfo

SwiftDriverJobDiscovery normal arm64 Compiling AlbumCard.swift, AlbumGridCard.swift, CardComponent.swift, CellComponent.swift, ExplicitComponent.swift (in target 'main' from project 'main')

SwiftDriverJobDiscovery normal arm64 Compiling GridLayouts.swift, HorizontalCarousel.swift, MusicVideoCard.swift, NavegationBarComponent.swift, PlayerMiniBar.swift (in target 'main' from project 'main')

SwiftDriverJobDiscovery normal arm64 Compiling RingtoneCard.swift, SongRow.swift, WideCardComponent.swift, AlbumModel.swift, Artist.swift (in target 'main' from project 'main')

SwiftDriverJobDiscovery normal arm64 Compiling PlayerViewModel.swift, RingtonesViewModel.swift, SearchViewModel.swift, SongDetailViewModel.swift, AccountMenuView.swift (in target 'main' from project 'main')

SwiftDriverJobDiscovery normal arm64 Compiling AlbumDetailView.swift, CarouselView.swift, DownloadsView.swift, FullPlayerView.swift, GirdView.swift (in target 'main' from project 'main')

SwiftDriverJobDiscovery normal arm64 Compiling RingtoneDetailView.swift, RingtonesView.swift, SearchView.swift, TermsView.swift, WideCarouselView.swift (in target 'main' from project 'main')

SwiftDriverJobDiscovery normal arm64 Compiling MusicVideo.swift, Ringtone.swift, Song.swift, SpotifyAPIModels.swift, MockAPIService.swift (in target 'main' from project 'main')

SwiftDriverJobDiscovery normal arm64 Compiling InfoView.swift, MusicVideoDetailView.swift, MusicVideosView.swift, PurchasedView.swift, RedeemCodeView.swift (in target 'main' from project 'main')

SwiftDriver\ Compilation main normal arm64 com.apple.xcode.tools.swift.compiler (in target 'main' from project 'main')
    cd /Users/emilianolunageorge/Documents/Academy/SecondChallenge/main
    builtin-Swift-Compilation -- /Applications/Xcode.app/Contents/Developer/Toolchains/XcodeDefault.xctoolchain/usr/bin/swiftc -module-name main -Onone -enforce-exclusivity\=checked @/Users/emilianolunageorge/Library/Developer/Xcode/DerivedData/main-dozvzaezbfnrgfgmhynrdfvdsijt/Build/Intermediates.noindex/main.build/Debug-iphonesimulator/main.build/Objects-normal/arm64/main.SwiftFileList -DDEBUG -default-isolation\=MainActor -enable-bare-slash-regex -enable-upcoming-feature DisableOutwardActorInference -enable-upcoming-feature InferSendableFromCaptures -enable-upcoming-feature GlobalActorIsolatedTypesUsability -enable-upcoming-feature MemberImportVisibility -enable-upcoming-feature InferIsolatedConformances -enable-upcoming-feature NonisolatedNonsendingByDefault -enable-experimental-feature DebugDescriptionMacro -sdk /Applications/Xcode.app/Contents/Developer/Platforms/iPhoneSimulator.platform/Developer/SDKs/iPhoneSimulator26.0.sdk -target arm64-apple-ios26.0-simulator -g -module-cache-path /Users/emilianolunageorge/Library/Developer/Xcode/DerivedData/ModuleCache.noindex -Xfrontend -serialize-debugging-options -enable-testing -index-store-path /Users/emilianolunageorge/Library/Developer/Xcode/DerivedData/main-dozvzaezbfnrgfgmhynrdfvdsijt/Index.noindex/DataStore -Xcc -D_LIBCPP_HARDENING_MODE\=_LIBCPP_HARDENING_MODE_DEBUG -swift-version 5 -I /Users/emilianolunageorge/Library/Developer/Xcode/DerivedData/main-dozvzaezbfnrgfgmhynrdfvdsijt/Build/Products/Debug-iphonesimulator -F /Users/emilianolunageorge/Library/Developer/Xcode/DerivedData/main-dozvzaezbfnrgfgmhynrdfvdsijt/Build/Products/Debug-iphonesimulator -emit-localized-strings -emit-localized-strings-path /Users/emilianolunageorge/Library/Developer/Xcode/DerivedData/main-dozvzaezbfnrgfgmhynrdfvdsijt/Build/Intermediates.noindex/main.build/Debug-iphonesimulator/main.build/Objects-normal/arm64 -c -j10 -enable-batch-mode -incremental -Xcc -ivfsstatcache -Xcc /Users/emilianolunageorge/Library/Developer/Xcode/DerivedData/SDKStatCaches.noindex/iphonesimulator26.0-23A339-26257891a6c027eb51374368541b8346.sdkstatcache -output-file-map /Users/emilianolunageorge/Library/Developer/Xcode/DerivedData/main-dozvzaezbfnrgfgmhynrdfvdsijt/Build/Intermediates.noindex/main.build/Debug-iphonesimulator/main.build/Objects-normal/arm64/main-OutputFileMap.json -use-frontend-parseable-output -save-temps -no-color-diagnostics -explicit-module-build -module-cache-path /Users/emilianolunageorge/Library/Developer/Xcode/DerivedData/main-dozvzaezbfnrgfgmhynrdfvdsijt/Build/Intermediates.noindex/SwiftExplicitPrecompiledModules -clang-scanner-module-cache-path /Users/emilianolunageorge/Library/Developer/Xcode/DerivedData/ModuleCache.noindex -sdk-module-cache-path /Users/emilianolunageorge/Library/Developer/Xcode/DerivedData/ModuleCache.noindex -serialize-diagnostics -emit-dependencies -emit-module -emit-module-path /Users/emilianolunageorge/Library/Developer/Xcode/DerivedData/main-dozvzaezbfnrgfgmhynrdfvdsijt/Build/Intermediates.noindex/main.build/Debug-iphonesimulator/main.build/Objects-normal/arm64/main.swiftmodule -validate-clang-modules-once -clang-build-session-file /Users/emilianolunageorge/Library/Developer/Xcode/DerivedData/ModuleCache.noindex/Session.modulevalidation -Xcc -I/Users/emilianolunageorge/Library/Developer/Xcode/DerivedData/main-dozvzaezbfnrgfgmhynrdfvdsijt/Build/Intermediates.noindex/main.build/Debug-iphonesimulator/main.build/swift-overrides.hmap -emit-const-values -Xfrontend -const-gather-protocols-file -Xfrontend /Users/emilianolunageorge/Library/Developer/Xcode/DerivedData/main-dozvzaezbfnrgfgmhynrdfvdsijt/Build/Intermediates.noindex/main.build/Debug-iphonesimulator/main.build/Objects-normal/arm64/main_const_extract_protocols.json -Xcc -iquote -Xcc /Users/emilianolunageorge/Library/Developer/Xcode/DerivedData/main-dozvzaezbfnrgfgmhynrdfvdsijt/Build/Intermediates.noindex/main.build/Debug-iphonesimulator/main.build/main-generated-files.hmap -Xcc -I/Users/emilianolunageorge/Library/Developer/Xcode/DerivedData/main-dozvzaezbfnrgfgmhynrdfvdsijt/Build/Intermediates.noindex/main.build/Debug-iphonesimulator/main.build/main-own-target-headers.hmap -Xcc -I/Users/emilianolunageorge/Library/Developer/Xcode/DerivedData/main-dozvzaezbfnrgfgmhynrdfvdsijt/Build/Intermediates.noindex/main.build/Debug-iphonesimulator/main.build/main-all-target-headers.hmap -Xcc -iquote -Xcc /Users/emilianolunageorge/Library/Developer/Xcode/DerivedData/main-dozvzaezbfnrgfgmhynrdfvdsijt/Build/Intermediates.noindex/main.build/Debug-iphonesimulator/main.build/main-project-headers.hmap -Xcc -I/Users/emilianolunageorge/Library/Developer/Xcode/DerivedData/main-dozvzaezbfnrgfgmhynrdfvdsijt/Build/Products/Debug-iphonesimulator/include -Xcc -I/Users/emilianolunageorge/Library/Developer/Xcode/DerivedData/main-dozvzaezbfnrgfgmhynrdfvdsijt/Build/Intermediates.noindex/main.build/Debug-iphonesimulator/main.build/DerivedSources-normal/arm64 -Xcc -I/Users/emilianolunageorge/Library/Developer/Xcode/DerivedData/main-dozvzaezbfnrgfgmhynrdfvdsijt/Build/Intermediates.noindex/main.build/Debug-iphonesimulator/main.build/DerivedSources/arm64 -Xcc -I/Users/emilianolunageorge/Library/Developer/Xcode/DerivedData/main-dozvzaezbfnrgfgmhynrdfvdsijt/Build/Intermediates.noindex/main.build/Debug-iphonesimulator/main.build/DerivedSources -Xcc -DDEBUG\=1 -emit-objc-header -emit-objc-header-path /Users/emilianolunageorge/Library/Developer/Xcode/DerivedData/main-dozvzaezbfnrgfgmhynrdfvdsijt/Build/Intermediates.noindex/main.build/Debug-iphonesimulator/main.build/Objects-normal/arm64/main-Swift.h -working-directory /Users/emilianolunageorge/Documents/Academy/SecondChallenge/main -experimental-emit-module-separately -disable-cmo

Ld /Users/emilianolunageorge/Library/Developer/Xcode/DerivedData/main-dozvzaezbfnrgfgmhynrdfvdsijt/Build/Products/Debug-iphonesimulator/main.app/main.debug.dylib normal (in target 'main' from project 'main')
    cd /Users/emilianolunageorge/Documents/Academy/SecondChallenge/main
    /Applications/Xcode.app/Contents/Developer/Toolchains/XcodeDefault.xctoolchain/usr/bin/clang -Xlinker -reproducible -target arm64-apple-ios26.0-simulator -dynamiclib -isysroot /Applications/Xcode.app/Contents/Developer/Platforms/iPhoneSimulator.platform/Developer/SDKs/iPhoneSimulator26.0.sdk -O0 -L/Users/emilianolunageorge/Library/Developer/Xcode/DerivedData/main-dozvzaezbfnrgfgmhynrdfvdsijt/Build/Intermediates.noindex/EagerLinkingTBDs/Debug-iphonesimulator -L/Users/emilianolunageorge/Library/Developer/Xcode/DerivedData/main-dozvzaezbfnrgfgmhynrdfvdsijt/Build/Products/Debug-iphonesimulator -F/Users/emilianolunageorge/Library/Developer/Xcode/DerivedData/main-dozvzaezbfnrgfgmhynrdfvdsijt/Build/Intermediates.noindex/EagerLinkingTBDs/Debug-iphonesimulator -F/Users/emilianolunageorge/Library/Developer/Xcode/DerivedData/main-dozvzaezbfnrgfgmhynrdfvdsijt/Build/Products/Debug-iphonesimulator -filelist /Users/emilianolunageorge/Library/Developer/Xcode/DerivedData/main-dozvzaezbfnrgfgmhynrdfvdsijt/Build/Intermediates.noindex/main.build/Debug-iphonesimulator/main.build/Objects-normal/arm64/main.LinkFileList -install_name @rpath/main.debug.dylib -Xlinker -rpath -Xlinker @executable_path/Frameworks -dead_strip -Xlinker -object_path_lto -Xlinker /Users/emilianolunageorge/Library/Developer/Xcode/DerivedData/main-dozvzaezbfnrgfgmhynrdfvdsijt/Build/Intermediates.noindex/main.build/Debug-iphonesimulator/main.build/Objects-normal/arm64/main_lto.o -rdynamic -Xlinker -no_deduplicate -Xlinker -objc_abi_version -Xlinker 2 -Xlinker -dependency_info -Xlinker /Users/emilianolunageorge/Library/Developer/Xcode/DerivedData/main-dozvzaezbfnrgfgmhynrdfvdsijt/Build/Intermediates.noindex/main.build/Debug-iphonesimulator/main.build/Objects-normal/arm64/main_dependency_info.dat -fobjc-link-runtime -L/Applications/Xcode.app/Contents/Developer/Toolchains/XcodeDefault.xctoolchain/usr/lib/swift/iphonesimulator -L/usr/lib/swift -Xlinker -add_ast_path -Xlinker /Users/emilianolunageorge/Library/Developer/Xcode/DerivedData/main-dozvzaezbfnrgfgmhynrdfvdsijt/Build/Intermediates.noindex/main.build/Debug-iphonesimulator/main.build/Objects-normal/arm64/main.swiftmodule @/Users/emilianolunageorge/Library/Developer/Xcode/DerivedData/main-dozvzaezbfnrgfgmhynrdfvdsijt/Build/Intermediates.noindex/main.build/Debug-iphonesimulator/main.build/Objects-normal/arm64/main-linker-args.resp -Xlinker -alias -Xlinker _main -Xlinker ___debug_main_executable_dylib_entry_point -Xlinker -no_adhoc_codesign -o /Users/emilianolunageorge/Library/Developer/Xcode/DerivedData/main-dozvzaezbfnrgfgmhynrdfvdsijt/Build/Products/Debug-iphonesimulator/main.app/main.debug.dylib

ConstructStubExecutorLinkFileList /Users/emilianolunageorge/Library/Developer/Xcode/DerivedData/main-dozvzaezbfnrgfgmhynrdfvdsijt/Build/Intermediates.noindex/main.build/Debug-iphonesimulator/main.build/main-ExecutorLinkFileList-normal-arm64.txt (in target 'main' from project 'main')
    cd /Users/emilianolunageorge/Documents/Academy/SecondChallenge/main
    construct-stub-executor-link-file-list /Users/emilianolunageorge/Library/Developer/Xcode/DerivedData/main-dozvzaezbfnrgfgmhynrdfvdsijt/Build/Products/Debug-iphonesimulator/main.app/main.debug.dylib /Applications/Xcode.app/Contents/Developer/Platforms/iPhoneSimulator.platform/Developer/usr/lib/libPreviewsJITStubExecutor_no_swift_entry_point.a /Applications/Xcode.app/Contents/Developer/Platforms/iPhoneSimulator.platform/Developer/usr/lib/libPreviewsJITStubExecutor.a --output /Users/emilianolunageorge/Library/Developer/Xcode/DerivedData/main-dozvzaezbfnrgfgmhynrdfvdsijt/Build/Intermediates.noindex/main.build/Debug-iphonesimulator/main.build/main-ExecutorLinkFileList-normal-arm64.txt
note: Using stub executor library with Swift entry point. (in target 'main' from project 'main')

Ld /Users/emilianolunageorge/Library/Developer/Xcode/DerivedData/main-dozvzaezbfnrgfgmhynrdfvdsijt/Build/Products/Debug-iphonesimulator/main.app/main normal (in target 'main' from project 'main')
    cd /Users/emilianolunageorge/Documents/Academy/SecondChallenge/main
    /Applications/Xcode.app/Contents/Developer/Toolchains/XcodeDefault.xctoolchain/usr/bin/clang -Xlinker -reproducible -target arm64-apple-ios26.0-simulator -isysroot /Applications/Xcode.app/Contents/Developer/Platforms/iPhoneSimulator.platform/Developer/SDKs/iPhoneSimulator26.0.sdk -O0 -L/Users/emilianolunageorge/Library/Developer/Xcode/DerivedData/main-dozvzaezbfnrgfgmhynrdfvdsijt/Build/Products/Debug-iphonesimulator -F/Users/emilianolunageorge/Library/Developer/Xcode/DerivedData/main-dozvzaezbfnrgfgmhynrdfvdsijt/Build/Products/Debug-iphonesimulator -Xlinker -rpath -Xlinker @executable_path -Xlinker -rpath -Xlinker @executable_path/Frameworks -rdynamic -Xlinker -no_deduplicate -Xlinker -objc_abi_version -Xlinker 2 -e ___debug_blank_executor_main -Xlinker -sectcreate -Xlinker __TEXT -Xlinker __debug_dylib -Xlinker /Users/emilianolunageorge/Library/Developer/Xcode/DerivedData/main-dozvzaezbfnrgfgmhynrdfvdsijt/Build/Intermediates.noindex/main.build/Debug-iphonesimulator/main.build/main-DebugDylibPath-normal-arm64.txt -Xlinker -sectcreate -Xlinker __TEXT -Xlinker __debug_instlnm -Xlinker /Users/emilianolunageorge/Library/Developer/Xcode/DerivedData/main-dozvzaezbfnrgfgmhynrdfvdsijt/Build/Intermediates.noindex/main.build/Debug-iphonesimulator/main.build/main-DebugDylibInstallName-normal-arm64.txt -Xlinker -filelist -Xlinker /Users/emilianolunageorge/Library/Developer/Xcode/DerivedData/main-dozvzaezbfnrgfgmhynrdfvdsijt/Build/Intermediates.noindex/main.build/Debug-iphonesimulator/main.build/main-ExecutorLinkFileList-normal-arm64.txt -Xlinker -sectcreate -Xlinker __TEXT -Xlinker __entitlements -Xlinker /Users/emilianolunageorge/Library/Developer/Xcode/DerivedData/main-dozvzaezbfnrgfgmhynrdfvdsijt/Build/Intermediates.noindex/main.build/Debug-iphonesimulator/main.build/main.app-Simulated.xcent -Xlinker -sectcreate -Xlinker __TEXT -Xlinker __ents_der -Xlinker /Users/emilianolunageorge/Library/Developer/Xcode/DerivedData/main-dozvzaezbfnrgfgmhynrdfvdsijt/Build/Intermediates.noindex/main.build/Debug-iphonesimulator/main.build/main.app-Simulated.xcent.der /Users/emilianolunageorge/Library/Developer/Xcode/DerivedData/main-dozvzaezbfnrgfgmhynrdfvdsijt/Build/Products/Debug-iphonesimulator/main.app/main.debug.dylib -Xlinker -no_adhoc_codesign -o /Users/emilianolunageorge/Library/Developer/Xcode/DerivedData/main-dozvzaezbfnrgfgmhynrdfvdsijt/Build/Products/Debug-iphonesimulator/main.app/main

LinkAssetCatalog /Users/emilianolunageorge/Documents/Academy/SecondChallenge/main/main/Assets.xcassets (in target 'main' from project 'main')
    cd /Users/emilianolunageorge/Documents/Academy/SecondChallenge/main
    builtin-linkAssetCatalog --thinned /Users/emilianolunageorge/Library/Developer/Xcode/DerivedData/main-dozvzaezbfnrgfgmhynrdfvdsijt/Build/Intermediates.noindex/main.build/Debug-iphonesimulator/main.build/assetcatalog_output/thinned --thinned-dependencies /Users/emilianolunageorge/Library/Developer/Xcode/DerivedData/main-dozvzaezbfnrgfgmhynrdfvdsijt/Build/Intermediates.noindex/main.build/Debug-iphonesimulator/main.build/assetcatalog_dependencies_thinned --thinned-info-plist-content /Users/emilianolunageorge/Library/Developer/Xcode/DerivedData/main-dozvzaezbfnrgfgmhynrdfvdsijt/Build/Intermediates.noindex/main.build/Debug-iphonesimulator/main.build/assetcatalog_generated_info.plist_thinned --unthinned /Users/emilianolunageorge/Library/Developer/Xcode/DerivedData/main-dozvzaezbfnrgfgmhynrdfvdsijt/Build/Intermediates.noindex/main.build/Debug-iphonesimulator/main.build/assetcatalog_output/unthinned --unthinned-dependencies /Users/emilianolunageorge/Library/Developer/Xcode/DerivedData/main-dozvzaezbfnrgfgmhynrdfvdsijt/Build/Intermediates.noindex/main.build/Debug-iphonesimulator/main.build/assetcatalog_dependencies_unthinned --unthinned-info-plist-content /Users/emilianolunageorge/Library/Developer/Xcode/DerivedData/main-dozvzaezbfnrgfgmhynrdfvdsijt/Build/Intermediates.noindex/main.build/Debug-iphonesimulator/main.build/assetcatalog_generated_info.plist_unthinned --output /Users/emilianolunageorge/Library/Developer/Xcode/DerivedData/main-dozvzaezbfnrgfgmhynrdfvdsijt/Build/Products/Debug-iphonesimulator/main.app --plist-output /Users/emilianolunageorge/Library/Developer/Xcode/DerivedData/main-dozvzaezbfnrgfgmhynrdfvdsijt/Build/Intermediates.noindex/main.build/Debug-iphonesimulator/main.build/assetcatalog_generated_info.plist
note: Emplaced /Users/emilianolunageorge/Library/Developer/Xcode/DerivedData/main-dozvzaezbfnrgfgmhynrdfvdsijt/Build/Products/Debug-iphonesimulator/main.app/Assets.car (in target 'main' from project 'main')

ProcessInfoPlistFile /Users/emilianolunageorge/Library/Developer/Xcode/DerivedData/main-dozvzaezbfnrgfgmhynrdfvdsijt/Build/Products/Debug-iphonesimulator/main.app/Info.plist /Users/emilianolunageorge/Library/Developer/Xcode/DerivedData/main-dozvzaezbfnrgfgmhynrdfvdsijt/Build/Intermediates.noindex/main.build/Debug-iphonesimulator/main.build/empty-main.plist (in target 'main' from project 'main')
    cd /Users/emilianolunageorge/Documents/Academy/SecondChallenge/main
    builtin-infoPlistUtility /Users/emilianolunageorge/Library/Developer/Xcode/DerivedData/main-dozvzaezbfnrgfgmhynrdfvdsijt/Build/Intermediates.noindex/main.build/Debug-iphonesimulator/main.build/empty-main.plist -producttype com.apple.product-type.application -genpkginfo /Users/emilianolunageorge/Library/Developer/Xcode/DerivedData/main-dozvzaezbfnrgfgmhynrdfvdsijt/Build/Products/Debug-iphonesimulator/main.app/PkgInfo -expandbuildsettings -format binary -platform iphonesimulator -additionalcontentfile /Users/emilianolunageorge/Library/Developer/Xcode/DerivedData/main-dozvzaezbfnrgfgmhynrdfvdsijt/Build/Intermediates.noindex/main.build/Debug-iphonesimulator/main.build/assetcatalog_generated_info.plist -o /Users/emilianolunageorge/Library/Developer/Xcode/DerivedData/main-dozvzaezbfnrgfgmhynrdfvdsijt/Build/Products/Debug-iphonesimulator/main.app/Info.plist

CopySwiftLibs /Users/emilianolunageorge/Library/Developer/Xcode/DerivedData/main-dozvzaezbfnrgfgmhynrdfvdsijt/Build/Products/Debug-iphonesimulator/main.app (in target 'main' from project 'main')
    cd /Users/emilianolunageorge/Documents/Academy/SecondChallenge/main
    builtin-swiftStdLibTool --copy --verbose --sign - --scan-executable /Users/emilianolunageorge/Library/Developer/Xcode/DerivedData/main-dozvzaezbfnrgfgmhynrdfvdsijt/Build/Products/Debug-iphonesimulator/main.app/main.debug.dylib --scan-folder /Users/emilianolunageorge/Library/Developer/Xcode/DerivedData/main-dozvzaezbfnrgfgmhynrdfvdsijt/Build/Products/Debug-iphonesimulator/main.app/Frameworks --scan-folder /Users/emilianolunageorge/Library/Developer/Xcode/DerivedData/main-dozvzaezbfnrgfgmhynrdfvdsijt/Build/Products/Debug-iphonesimulator/main.app/PlugIns --scan-folder /Users/emilianolunageorge/Library/Developer/Xcode/DerivedData/main-dozvzaezbfnrgfgmhynrdfvdsijt/Build/Products/Debug-iphonesimulator/main.app/SystemExtensions --scan-folder /Users/emilianolunageorge/Library/Developer/Xcode/DerivedData/main-dozvzaezbfnrgfgmhynrdfvdsijt/Build/Products/Debug-iphonesimulator/main.app/Extensions --platform iphonesimulator --toolchain /Applications/Xcode.app/Contents/Developer/Toolchains/XcodeDefault.xctoolchain --destination /Users/emilianolunageorge/Library/Developer/Xcode/DerivedData/main-dozvzaezbfnrgfgmhynrdfvdsijt/Build/Products/Debug-iphonesimulator/main.app/Frameworks --strip-bitcode --strip-bitcode-tool /Applications/Xcode.app/Contents/Developer/Toolchains/XcodeDefault.xctoolchain/usr/bin/bitcode_strip --emit-dependency-info /Users/emilianolunageorge/Library/Developer/Xcode/DerivedData/main-dozvzaezbfnrgfgmhynrdfvdsijt/Build/Intermediates.noindex/main.build/Debug-iphonesimulator/main.build/SwiftStdLibToolInputDependencies.dep --filter-for-swift-os

ExtractAppIntentsMetadata (in target 'main' from project 'main')
    cd /Users/emilianolunageorge/Documents/Academy/SecondChallenge/main
    /Applications/Xcode.app/Contents/Developer/Toolchains/XcodeDefault.xctoolchain/usr/bin/appintentsmetadataprocessor --toolchain-dir /Applications/Xcode.app/Contents/Developer/Toolchains/XcodeDefault.xctoolchain --module-name main --sdk-root /Applications/Xcode.app/Contents/Developer/Platforms/iPhoneSimulator.platform/Developer/SDKs/iPhoneSimulator26.0.sdk --xcode-version 17A400 --platform-family iOS --deployment-target 26.0 --bundle-identifier emilunageo.main --output /Users/emilianolunageorge/Library/Developer/Xcode/DerivedData/main-dozvzaezbfnrgfgmhynrdfvdsijt/Build/Products/Debug-iphonesimulator/main.app --target-triple arm64-apple-ios26.0-simulator --binary-file /Users/emilianolunageorge/Library/Developer/Xcode/DerivedData/main-dozvzaezbfnrgfgmhynrdfvdsijt/Build/Products/Debug-iphonesimulator/main.app/main --dependency-file /Users/emilianolunageorge/Library/Developer/Xcode/DerivedData/main-dozvzaezbfnrgfgmhynrdfvdsijt/Build/Intermediates.noindex/main.build/Debug-iphonesimulator/main.build/Objects-normal/arm64/main_dependency_info.dat --stringsdata-file /Users/emilianolunageorge/Library/Developer/Xcode/DerivedData/main-dozvzaezbfnrgfgmhynrdfvdsijt/Build/Intermediates.noindex/main.build/Debug-iphonesimulator/main.build/Objects-normal/arm64/ExtractedAppShortcutsMetadata.stringsdata --source-file-list /Users/emilianolunageorge/Library/Developer/Xcode/DerivedData/main-dozvzaezbfnrgfgmhynrdfvdsijt/Build/Intermediates.noindex/main.build/Debug-iphonesimulator/main.build/Objects-normal/arm64/main.SwiftFileList --metadata-file-list /Users/emilianolunageorge/Library/Developer/Xcode/DerivedData/main-dozvzaezbfnrgfgmhynrdfvdsijt/Build/Intermediates.noindex/main.build/Debug-iphonesimulator/main.build/main.DependencyMetadataFileList --static-metadata-file-list /Users/emilianolunageorge/Library/Developer/Xcode/DerivedData/main-dozvzaezbfnrgfgmhynrdfvdsijt/Build/Intermediates.noindex/main.build/Debug-iphonesimulator/main.build/main.DependencyStaticMetadataFileList --swift-const-vals-list /Users/emilianolunageorge/Library/Developer/Xcode/DerivedData/main-dozvzaezbfnrgfgmhynrdfvdsijt/Build/Intermediates.noindex/main.build/Debug-iphonesimulator/main.build/Objects-normal/arm64/main.SwiftConstValuesFileList --compile-time-extraction --deployment-aware-processing --validate-assistant-intents --no-app-shortcuts-localization
2025-11-17 01:55:54.669 appintentsmetadataprocessor[6041:2296499] Starting appintentsmetadataprocessor export
2025-11-17 01:55:54.670 appintentsmetadataprocessor[6041:2296499] warning: Metadata extraction skipped. No AppIntents.framework dependency found.

AppIntentsSSUTraining (in target 'main' from project 'main')
    cd /Users/emilianolunageorge/Documents/Academy/SecondChallenge/main
    /Applications/Xcode.app/Contents/Developer/Toolchains/XcodeDefault.xctoolchain/usr/bin/appintentsnltrainingprocessor --infoplist-path /Users/emilianolunageorge/Library/Developer/Xcode/DerivedData/main-dozvzaezbfnrgfgmhynrdfvdsijt/Build/Products/Debug-iphonesimulator/main.app/Info.plist --temp-dir-path /Users/emilianolunageorge/Library/Developer/Xcode/DerivedData/main-dozvzaezbfnrgfgmhynrdfvdsijt/Build/Intermediates.noindex/main.build/Debug-iphonesimulator/main.build/ssu --bundle-id emilunageo.main --product-path /Users/emilianolunageorge/Library/Developer/Xcode/DerivedData/main-dozvzaezbfnrgfgmhynrdfvdsijt/Build/Products/Debug-iphonesimulator/main.app --extracted-metadata-path /Users/emilianolunageorge/Library/Developer/Xcode/DerivedData/main-dozvzaezbfnrgfgmhynrdfvdsijt/Build/Products/Debug-iphonesimulator/main.app/Metadata.appintents --metadata-file-list /Users/emilianolunageorge/Library/Developer/Xcode/DerivedData/main-dozvzaezbfnrgfgmhynrdfvdsijt/Build/Intermediates.noindex/main.build/Debug-iphonesimulator/main.build/main.DependencyMetadataFileList --archive-ssu-assets
2025-11-17 01:55:54.685 appintentsnltrainingprocessor[6042:2296500] Parsing options for appintentsnltrainingprocessor
2025-11-17 01:55:54.685 appintentsnltrainingprocessor[6042:2296500] No AppShortcuts found - Skipping.

CodeSign /Users/emilianolunageorge/Library/Developer/Xcode/DerivedData/main-dozvzaezbfnrgfgmhynrdfvdsijt/Build/Products/Debug-iphonesimulator/main.app/main.debug.dylib (in target 'main' from project 'main')
    cd /Users/emilianolunageorge/Documents/Academy/SecondChallenge/main
    
    Signing Identity:     "Sign to Run Locally"
    
    /usr/bin/codesign --force --sign - --timestamp\=none --generate-entitlement-der /Users/emilianolunageorge/Library/Developer/Xcode/DerivedData/main-dozvzaezbfnrgfgmhynrdfvdsijt/Build/Products/Debug-iphonesimulator/main.app/main.debug.dylib

CodeSign /Users/emilianolunageorge/Library/Developer/Xcode/DerivedData/main-dozvzaezbfnrgfgmhynrdfvdsijt/Build/Products/Debug-iphonesimulator/main.app/__preview.dylib (in target 'main' from project 'main')
    cd /Users/emilianolunageorge/Documents/Academy/SecondChallenge/main
    
    Signing Identity:     "Sign to Run Locally"
    
    /usr/bin/codesign --force --sign - --timestamp\=none --generate-entitlement-der /Users/emilianolunageorge/Library/Developer/Xcode/DerivedData/main-dozvzaezbfnrgfgmhynrdfvdsijt/Build/Products/Debug-iphonesimulator/main.app/__preview.dylib

CodeSign /Users/emilianolunageorge/Library/Developer/Xcode/DerivedData/main-dozvzaezbfnrgfgmhynrdfvdsijt/Build/Products/Debug-iphonesimulator/main.app (in target 'main' from project 'main')
    cd /Users/emilianolunageorge/Documents/Academy/SecondChallenge/main
    
    Signing Identity:     "Sign to Run Locally"
    
    /usr/bin/codesign --force --sign - --timestamp\=none --generate-entitlement-der /Users/emilianolunageorge/Library/Developer/Xcode/DerivedData/main-dozvzaezbfnrgfgmhynrdfvdsijt/Build/Products/Debug-iphonesimulator/main.app

RegisterExecutionPolicyException /Users/emilianolunageorge/Library/Developer/Xcode/DerivedData/main-dozvzaezbfnrgfgmhynrdfvdsijt/Build/Products/Debug-iphonesimulator/main.app (in target 'main' from project 'main')
    cd /Users/emilianolunageorge/Documents/Academy/SecondChallenge/main
    builtin-RegisterExecutionPolicyException /Users/emilianolunageorge/Library/Developer/Xcode/DerivedData/main-dozvzaezbfnrgfgmhynrdfvdsijt/Build/Products/Debug-iphonesimulator/main.app

Validate /Users/emilianolunageorge/Library/Developer/Xcode/DerivedData/main-dozvzaezbfnrgfgmhynrdfvdsijt/Build/Products/Debug-iphonesimulator/main.app (in target 'main' from project 'main')
    cd /Users/emilianolunageorge/Documents/Academy/SecondChallenge/main
    builtin-validationUtility /Users/emilianolunageorge/Library/Developer/Xcode/DerivedData/main-dozvzaezbfnrgfgmhynrdfvdsijt/Build/Products/Debug-iphonesimulator/main.app -shallow-bundle -infoplist-subpath Info.plist

Touch /Users/emilianolunageorge/Library/Developer/Xcode/DerivedData/main-dozvzaezbfnrgfgmhynrdfvdsijt/Build/Products/Debug-iphonesimulator/main.app (in target 'main' from project 'main')
    cd /Users/emilianolunageorge/Documents/Academy/SecondChallenge/main
    /usr/bin/touch -c /Users/emilianolunageorge/Library/Developer/Xcode/DerivedData/main-dozvzaezbfnrgfgmhynrdfvdsijt/Build/Products/Debug-iphonesimulator/main.app

** BUILD SUCCEEDED **

